{"/Users/hashim/Desktop/soluly-business-suite/src/components/auth/AuthGuard.tsx": {"path":"/Users/hashim/Desktop/soluly-business-suite/src/components/auth/AuthGuard.tsx","statementMap":{"0":{"start":{"line":6,"column":65},"end":{"line":6,"column":null}},"1":{"start":{"line":7,"column":8},"end":{"line":7,"column":null}},"2":{"start":{"line":10,"column":2},"end":{"line":17,"column":null}},"3":{"start":{"line":20,"column":2},"end":{"line":57,"column":null}},"4":{"start":{"line":38,"column":16},"end":{"line":38,"column":null}},"5":{"start":{"line":39,"column":16},"end":{"line":39,"column":null}},"6":{"start":{"line":60,"column":2},"end":{"line":62,"column":null}},"7":{"start":{"line":70,"column":2},"end":{"line":88,"column":null}},"8":{"start":{"line":71,"column":51},"end":{"line":71,"column":null}},"9":{"start":{"line":72,"column":10},"end":{"line":72,"column":null}},"10":{"start":{"line":74,"column":4},"end":{"line":81,"column":null}},"11":{"start":{"line":83,"column":4},"end":{"line":85,"column":null}}},"fnMap":{"0":{"name":"AuthGuard","decl":{"start":{"line":5,"column":16},"end":{"line":5,"column":null}},"loc":{"start":{"line":5,"column":16},"end":{"line":66,"column":null}},"line":5},"1":{"name":"(anonymous_1)","decl":{"start":{"line":37,"column":23},"end":{"line":37,"column":null}},"loc":{"start":{"line":37,"column":23},"end":{"line":40,"column":null}},"line":37},"2":{"name":"withAuth","decl":{"start":{"line":69,"column":16},"end":{"line":69,"column":43}},"loc":{"start":{"line":69,"column":76},"end":{"line":89,"column":null}},"line":69},"3":{"name":"AuthenticatedComponent","decl":{"start":{"line":70,"column":18},"end":{"line":70,"column":41}},"loc":{"start":{"line":70,"column":49},"end":{"line":88,"column":null}},"line":70}},"branchMap":{"0":{"loc":{"start":{"line":10,"column":2},"end":{"line":17,"column":null}},"type":"if","locations":[{"start":{"line":10,"column":2},"end":{"line":17,"column":null}},{"start":{},"end":{}}],"line":10},"1":{"loc":{"start":{"line":20,"column":2},"end":{"line":57,"column":null}},"type":"if","locations":[{"start":{"line":20,"column":2},"end":{"line":57,"column":null}},{"start":{},"end":{}}],"line":20},"2":{"loc":{"start":{"line":60,"column":2},"end":{"line":62,"column":null}},"type":"if","locations":[{"start":{"line":60,"column":2},"end":{"line":62,"column":null}},{"start":{},"end":{}}],"line":60},"3":{"loc":{"start":{"line":74,"column":4},"end":{"line":81,"column":null}},"type":"if","locations":[{"start":{"line":74,"column":4},"end":{"line":81,"column":null}},{"start":{},"end":{}}],"line":74},"4":{"loc":{"start":{"line":83,"column":4},"end":{"line":85,"column":null}},"type":"if","locations":[{"start":{"line":83,"column":4},"end":{"line":85,"column":null}},{"start":{},"end":{}}],"line":83},"5":{"loc":{"start":{"line":83,"column":8},"end":{"line":83,"column":39}},"type":"binary-expr","locations":[{"start":{"line":83,"column":8},"end":{"line":83,"column":21}},{"start":{"line":83,"column":21},"end":{"line":83,"column":39}}],"line":83}},"s":{"0":6,"1":6,"2":6,"3":5,"4":0,"5":0,"6":2,"7":0,"8":0,"9":0,"10":0,"11":0},"f":{"0":6,"1":0,"2":0,"3":0},"b":{"0":[1,5],"1":[3,2],"2":[1,1],"3":[0,0],"4":[0,0],"5":[0,0]},"meta":{"lastBranch":6,"lastFunction":4,"lastStatement":12,"seen":{"f:5:16:5:Infinity":0,"s:6:65:6:Infinity":0,"s:7:8:7:Infinity":1,"b:10:2:17:Infinity:undefined:undefined:undefined:undefined":0,"s:10:2:17:Infinity":2,"b:20:2:57:Infinity:undefined:undefined:undefined:undefined":1,"s:20:2:57:Infinity":3,"f:37:23:37:Infinity":1,"s:38:16:38:Infinity":4,"s:39:16:39:Infinity":5,"b:60:2:62:Infinity:undefined:undefined:undefined:undefined":2,"s:60:2:62:Infinity":6,"f:69:16:69:43":2,"s:70:2:88:Infinity":7,"f:70:18:70:41":3,"s:71:51:71:Infinity":8,"s:72:10:72:Infinity":9,"b:74:4:81:Infinity:undefined:undefined:undefined:undefined":3,"s:74:4:81:Infinity":10,"b:83:4:85:Infinity:undefined:undefined:undefined:undefined":4,"s:83:4:85:Infinity":11,"b:83:8:83:21:83:21:83:39":5}}}
,"/Users/hashim/Desktop/soluly-business-suite/src/components/auth/PermissionGuard.tsx": {"path":"/Users/hashim/Desktop/soluly-business-suite/src/components/auth/PermissionGuard.tsx","statementMap":{"0":{"start":{"line":23,"column":36},"end":{"line":23,"column":null}},"1":{"start":{"line":26,"column":2},"end":{"line":28,"column":null}},"2":{"start":{"line":27,"column":4},"end":{"line":27,"column":null}},"3":{"start":{"line":31,"column":2},"end":{"line":58,"column":null}},"4":{"start":{"line":33,"column":4},"end":{"line":35,"column":null}},"5":{"start":{"line":38,"column":4},"end":{"line":40,"column":null}},"6":{"start":{"line":69,"column":2},"end":{"line":77,"column":null}},"7":{"start":{"line":70,"column":4},"end":{"line":76,"column":null}},"8":{"start":{"line":89,"column":25},"end":{"line":89,"column":null}},"9":{"start":{"line":91,"column":2},"end":{"line":93,"column":null}},"10":{"start":{"line":107,"column":45},"end":{"line":107,"column":null}},"11":{"start":{"line":110,"column":2},"end":{"line":112,"column":null}},"12":{"start":{"line":115,"column":2},"end":{"line":117,"column":null}}},"fnMap":{"0":{"name":"PermissionGuard","decl":{"start":{"line":16,"column":16},"end":{"line":16,"column":32}},"loc":{"start":{"line":22,"column":23},"end":{"line":61,"column":null}},"line":22},"1":{"name":"withPermission","decl":{"start":{"line":64,"column":16},"end":{"line":64,"column":null}},"loc":{"start":{"line":67,"column":21},"end":{"line":78,"column":null}},"line":67},"2":{"name":"(anonymous_2)","decl":{"start":{"line":69,"column":9},"end":{"line":69,"column":18}},"loc":{"start":{"line":69,"column":51},"end":{"line":77,"column":null}},"line":69},"3":{"name":"PermissionProtectedComponent","decl":{"start":{"line":70,"column":20},"end":{"line":70,"column":49}},"loc":{"start":{"line":70,"column":57},"end":{"line":76,"column":null}},"line":70},"4":{"name":"Can","decl":{"start":{"line":88,"column":16},"end":{"line":88,"column":20}},"loc":{"start":{"line":88,"column":77},"end":{"line":96,"column":null}},"line":88},"5":{"name":"CanOwn","decl":{"start":{"line":106,"column":16},"end":{"line":106,"column":23}},"loc":{"start":{"line":106,"column":84},"end":{"line":120,"column":null}},"line":106}},"branchMap":{"0":{"loc":{"start":{"line":26,"column":2},"end":{"line":28,"column":null}},"type":"if","locations":[{"start":{"line":26,"column":2},"end":{"line":28,"column":null}},{"start":{},"end":{}}],"line":26},"1":{"loc":{"start":{"line":31,"column":2},"end":{"line":58,"column":null}},"type":"if","locations":[{"start":{"line":31,"column":2},"end":{"line":58,"column":null}},{"start":{},"end":{}}],"line":31},"2":{"loc":{"start":{"line":33,"column":4},"end":{"line":35,"column":null}},"type":"if","locations":[{"start":{"line":33,"column":4},"end":{"line":35,"column":null}},{"start":{},"end":{}}],"line":33},"3":{"loc":{"start":{"line":38,"column":4},"end":{"line":40,"column":null}},"type":"if","locations":[{"start":{"line":38,"column":4},"end":{"line":40,"column":null}},{"start":{},"end":{}}],"line":38},"4":{"loc":{"start":{"line":88,"column":50},"end":{"line":88,"column":65}},"type":"default-arg","locations":[{"start":{"line":88,"column":61},"end":{"line":88,"column":65}}],"line":88},"5":{"loc":{"start":{"line":91,"column":2},"end":{"line":93,"column":null}},"type":"if","locations":[{"start":{"line":91,"column":2},"end":{"line":93,"column":null}},{"start":{},"end":{}}],"line":91},"6":{"loc":{"start":{"line":106,"column":54},"end":{"line":106,"column":69}},"type":"default-arg","locations":[{"start":{"line":106,"column":65},"end":{"line":106,"column":69}}],"line":106},"7":{"loc":{"start":{"line":110,"column":2},"end":{"line":112,"column":null}},"type":"if","locations":[{"start":{"line":110,"column":2},"end":{"line":112,"column":null}},{"start":{},"end":{}}],"line":110},"8":{"loc":{"start":{"line":110,"column":6},"end":{"line":110,"column":64}},"type":"binary-expr","locations":[{"start":{"line":110,"column":6},"end":{"line":110,"column":41}},{"start":{"line":110,"column":41},"end":{"line":110,"column":64}}],"line":110},"9":{"loc":{"start":{"line":115,"column":2},"end":{"line":117,"column":null}},"type":"if","locations":[{"start":{"line":115,"column":2},"end":{"line":117,"column":null}},{"start":{},"end":{}}],"line":115},"10":{"loc":{"start":{"line":115,"column":6},"end":{"line":115,"column":72}},"type":"binary-expr","locations":[{"start":{"line":115,"column":6},"end":{"line":115,"column":30}},{"start":{"line":115,"column":30},"end":{"line":115,"column":41}},{"start":{"line":115,"column":41},"end":{"line":115,"column":51}},{"start":{"line":115,"column":51},"end":{"line":115,"column":72}}],"line":115}},"s":{"0":6,"1":6,"2":1,"3":5,"4":3,"5":2,"6":0,"7":0,"8":3,"9":3,"10":4,"11":4,"12":3},"f":{"0":6,"1":0,"2":0,"3":0,"4":3,"5":4},"b":{"0":[1,5],"1":[3,2],"2":[1,2],"3":[1,1],"4":[3],"5":[2,1],"6":[4],"7":[1,3],"8":[4,2],"9":[1,2],"10":[3,3,3,3]},"meta":{"lastBranch":11,"lastFunction":6,"lastStatement":13,"seen":{"f:16:16:16:32":0,"s:23:36:23:Infinity":0,"b:26:2:28:Infinity:undefined:undefined:undefined:undefined":0,"s:26:2:28:Infinity":1,"s:27:4:27:Infinity":2,"b:31:2:58:Infinity:undefined:undefined:undefined:undefined":1,"s:31:2:58:Infinity":3,"b:33:4:35:Infinity:undefined:undefined:undefined:undefined":2,"s:33:4:35:Infinity":4,"b:38:4:40:Infinity:undefined:undefined:undefined:undefined":3,"s:38:4:40:Infinity":5,"f:64:16:64:Infinity":1,"s:69:2:77:Infinity":6,"f:69:9:69:18":2,"s:70:4:76:Infinity":7,"f:70:20:70:49":3,"f:88:16:88:20":4,"b:88:61:88:65":4,"s:89:25:89:Infinity":8,"b:91:2:93:Infinity:undefined:undefined:undefined:undefined":5,"s:91:2:93:Infinity":9,"f:106:16:106:23":5,"b:106:65:106:69":6,"s:107:45:107:Infinity":10,"b:110:2:112:Infinity:undefined:undefined:undefined:undefined":7,"s:110:2:112:Infinity":11,"b:110:6:110:41:110:41:110:64":8,"b:115:2:117:Infinity:undefined:undefined:undefined:undefined":9,"s:115:2:117:Infinity":12,"b:115:6:115:30:115:30:115:41:115:41:115:51:115:51:115:72":10}}}
,"/Users/hashim/Desktop/soluly-business-suite/src/components/dashboard/ProjectsOverview.tsx": {"path":"/Users/hashim/Desktop/soluly-business-suite/src/components/dashboard/ProjectsOverview.tsx","statementMap":{"0":{"start":{"line":10,"column":23},"end":{"line":10,"column":null}},"1":{"start":{"line":11,"column":54},"end":{"line":11,"column":null}},"2":{"start":{"line":12,"column":52},"end":{"line":12,"column":null}},"3":{"start":{"line":14,"column":20},"end":{"line":14,"column":null}},"4":{"start":{"line":17,"column":25},"end":{"line":19,"column":22}},"5":{"start":{"line":18,"column":18},"end":{"line":18,"column":null}},"6":{"start":{"line":22,"column":25},"end":{"line":24,"column":null}},"7":{"start":{"line":23,"column":4},"end":{"line":23,"column":null}},"8":{"start":{"line":23,"column":32},"end":{"line":23,"column":85}},"9":{"start":{"line":26,"column":22},"end":{"line":33,"column":null}},"10":{"start":{"line":27,"column":4},"end":{"line":27,"column":null}},"11":{"start":{"line":27,"column":16},"end":{"line":27,"column":null}},"12":{"start":{"line":28,"column":4},"end":{"line":32,"column":null}},"13":{"start":{"line":35,"column":2},"end":{"line":46,"column":null}},"14":{"start":{"line":61,"column":34},"end":{"line":61,"column":null}},"15":{"start":{"line":66,"column":33},"end":{"line":66,"column":null}}},"fnMap":{"0":{"name":"ProjectsOverview","decl":{"start":{"line":9,"column":16},"end":{"line":9,"column":null}},"loc":{"start":{"line":9,"column":16},"end":{"line":96,"column":null}},"line":9},"1":{"name":"(anonymous_1)","decl":{"start":{"line":18,"column":13},"end":{"line":18,"column":18}},"loc":{"start":{"line":18,"column":18},"end":{"line":18,"column":null}},"line":18},"2":{"name":"(anonymous_2)","decl":{"start":{"line":22,"column":25},"end":{"line":22,"column":26}},"loc":{"start":{"line":22,"column":26},"end":{"line":24,"column":null}},"line":22},"3":{"name":"(anonymous_3)","decl":{"start":{"line":23,"column":27},"end":{"line":23,"column":32}},"loc":{"start":{"line":23,"column":32},"end":{"line":23,"column":85}},"line":23},"4":{"name":"(anonymous_4)","decl":{"start":{"line":26,"column":22},"end":{"line":26,"column":23}},"loc":{"start":{"line":26,"column":23},"end":{"line":33,"column":null}},"line":26},"5":{"name":"(anonymous_5)","decl":{"start":{"line":60,"column":32},"end":{"line":60,"column":33}},"loc":{"start":{"line":60,"column":33},"end":{"line":90,"column":null}},"line":60},"6":{"name":"(anonymous_6)","decl":{"start":{"line":66,"column":27},"end":{"line":66,"column":33}},"loc":{"start":{"line":66,"column":33},"end":{"line":66,"column":null}},"line":66}},"branchMap":{"0":{"loc":{"start":{"line":14,"column":20},"end":{"line":14,"column":null}},"type":"binary-expr","locations":[{"start":{"line":14,"column":20},"end":{"line":14,"column":39}},{"start":{"line":14,"column":39},"end":{"line":14,"column":null}}],"line":14},"1":{"loc":{"start":{"line":17,"column":25},"end":{"line":19,"column":22}},"type":"binary-expr","locations":[{"start":{"line":17,"column":25},"end":{"line":19,"column":20}},{"start":{"line":19,"column":20},"end":{"line":19,"column":22}}],"line":17},"2":{"loc":{"start":{"line":18,"column":18},"end":{"line":18,"column":null}},"type":"binary-expr","locations":[{"start":{"line":18,"column":18},"end":{"line":18,"column":43}},{"start":{"line":18,"column":43},"end":{"line":18,"column":null}}],"line":18},"3":{"loc":{"start":{"line":23,"column":11},"end":{"line":23,"column":null}},"type":"binary-expr","locations":[{"start":{"line":23,"column":11},"end":{"line":23,"column":95}},{"start":{"line":23,"column":95},"end":{"line":23,"column":null}}],"line":23},"4":{"loc":{"start":{"line":23,"column":32},"end":{"line":23,"column":85}},"type":"binary-expr","locations":[{"start":{"line":23,"column":32},"end":{"line":23,"column":62}},{"start":{"line":23,"column":62},"end":{"line":23,"column":85}}],"line":23},"5":{"loc":{"start":{"line":27,"column":4},"end":{"line":27,"column":null}},"type":"if","locations":[{"start":{"line":27,"column":4},"end":{"line":27,"column":null}},{"start":{},"end":{}}],"line":27},"6":{"loc":{"start":{"line":35,"column":2},"end":{"line":46,"column":null}},"type":"if","locations":[{"start":{"line":35,"column":2},"end":{"line":46,"column":null}},{"start":{},"end":{}}],"line":35},"7":{"loc":{"start":{"line":77,"column":26},"end":{"line":77,"column":null}},"type":"binary-expr","locations":[{"start":{"line":77,"column":26},"end":{"line":77,"column":97}},{"start":{"line":77,"column":101},"end":{"line":77,"column":null}}],"line":77},"8":{"loc":{"start":{"line":85,"column":37},"end":{"line":85,"column":60}},"type":"binary-expr","locations":[{"start":{"line":85,"column":37},"end":{"line":85,"column":53}},{"start":{"line":85,"column":57},"end":{"line":85,"column":60}}],"line":85},"9":{"loc":{"start":{"line":86,"column":85},"end":{"line":86,"column":107}},"type":"binary-expr","locations":[{"start":{"line":86,"column":85},"end":{"line":86,"column":101}},{"start":{"line":86,"column":105},"end":{"line":86,"column":107}}],"line":86}},"s":{"0":0,"1":0,"2":0,"3":0,"4":0,"5":0,"6":0,"7":0,"8":0,"9":0,"10":0,"11":0,"12":0,"13":0,"14":0,"15":0},"f":{"0":0,"1":0,"2":0,"3":0,"4":0,"5":0,"6":0},"b":{"0":[0,0],"1":[0,0],"2":[0,0],"3":[0,0],"4":[0,0],"5":[0,0],"6":[0,0],"7":[0,0],"8":[0,0],"9":[0,0]},"meta":{"lastBranch":10,"lastFunction":7,"lastStatement":16,"seen":{"f:9:16:9:Infinity":0,"s:10:23:10:Infinity":0,"s:11:54:11:Infinity":1,"s:12:52:12:Infinity":2,"s:14:20:14:Infinity":3,"b:14:20:14:39:14:39:14:Infinity":0,"s:17:25:19:22":4,"b:17:25:19:20:19:20:19:22":1,"f:18:13:18:18":1,"s:18:18:18:Infinity":5,"b:18:18:18:43:18:43:18:Infinity":2,"s:22:25:24:Infinity":6,"f:22:25:22:26":2,"s:23:4:23:Infinity":7,"b:23:11:23:95:23:95:23:Infinity":3,"f:23:27:23:32":3,"s:23:32:23:85":8,"b:23:32:23:62:23:62:23:85":4,"s:26:22:33:Infinity":9,"f:26:22:26:23":4,"b:27:4:27:Infinity:undefined:undefined:undefined:undefined":5,"s:27:4:27:Infinity":10,"s:27:16:27:Infinity":11,"s:28:4:32:Infinity":12,"b:35:2:46:Infinity:undefined:undefined:undefined:undefined":6,"s:35:2:46:Infinity":13,"f:60:32:60:33":5,"s:61:34:61:Infinity":14,"f:66:27:66:33":6,"s:66:33:66:Infinity":15,"b:77:26:77:97:77:101:77:Infinity":7,"b:85:37:85:53:85:57:85:60":8,"b:86:85:86:101:86:105:86:107":9}}}
,"/Users/hashim/Desktop/soluly-business-suite/src/components/dashboard/RecentTickets.tsx": {"path":"/Users/hashim/Desktop/soluly-business-suite/src/components/dashboard/RecentTickets.tsx","statementMap":{"0":{"start":{"line":10,"column":23},"end":{"line":10,"column":null}},"1":{"start":{"line":11,"column":36},"end":{"line":11,"column":null}},"2":{"start":{"line":14,"column":24},"end":{"line":14,"column":50}},"3":{"start":{"line":16,"column":21},"end":{"line":22,"column":null}},"4":{"start":{"line":17,"column":4},"end":{"line":21,"column":null}},"5":{"start":{"line":18,"column":6},"end":{"line":18,"column":null}},"6":{"start":{"line":20,"column":6},"end":{"line":20,"column":null}},"7":{"start":{"line":24,"column":2},"end":{"line":35,"column":null}},"8":{"start":{"line":53,"column":31},"end":{"line":53,"column":null}}},"fnMap":{"0":{"name":"RecentTickets","decl":{"start":{"line":9,"column":16},"end":{"line":9,"column":null}},"loc":{"start":{"line":9,"column":16},"end":{"line":87,"column":null}},"line":9},"1":{"name":"(anonymous_1)","decl":{"start":{"line":16,"column":21},"end":{"line":16,"column":22}},"loc":{"start":{"line":16,"column":22},"end":{"line":22,"column":null}},"line":16},"2":{"name":"(anonymous_2)","decl":{"start":{"line":53,"column":25},"end":{"line":53,"column":31}},"loc":{"start":{"line":53,"column":31},"end":{"line":53,"column":null}},"line":53}},"branchMap":{"0":{"loc":{"start":{"line":14,"column":24},"end":{"line":14,"column":50}},"type":"binary-expr","locations":[{"start":{"line":14,"column":24},"end":{"line":14,"column":48}},{"start":{"line":14,"column":48},"end":{"line":14,"column":50}}],"line":14},"1":{"loc":{"start":{"line":24,"column":2},"end":{"line":35,"column":null}},"type":"if","locations":[{"start":{"line":24,"column":2},"end":{"line":35,"column":null}},{"start":{},"end":{}}],"line":24},"2":{"loc":{"start":{"line":63,"column":65},"end":{"line":63,"column":164}},"type":"binary-expr","locations":[{"start":{"line":63,"column":65},"end":{"line":63,"column":133}},{"start":{"line":63,"column":137},"end":{"line":63,"column":164}}],"line":63},"3":{"loc":{"start":{"line":69,"column":25},"end":{"line":69,"column":null}},"type":"binary-expr","locations":[{"start":{"line":69,"column":25},"end":{"line":69,"column":49}},{"start":{"line":69,"column":49},"end":{"line":69,"column":null}}],"line":69}},"s":{"0":0,"1":0,"2":0,"3":0,"4":0,"5":0,"6":0,"7":0,"8":0},"f":{"0":0,"1":0,"2":0},"b":{"0":[0,0],"1":[0,0],"2":[0,0],"3":[0,0]},"meta":{"lastBranch":4,"lastFunction":3,"lastStatement":9,"seen":{"f:9:16:9:Infinity":0,"s:10:23:10:Infinity":0,"s:11:36:11:Infinity":1,"s:14:24:14:50":2,"b:14:24:14:48:14:48:14:50":0,"s:16:21:22:Infinity":3,"f:16:21:16:22":1,"s:17:4:21:Infinity":4,"s:18:6:18:Infinity":5,"s:20:6:20:Infinity":6,"b:24:2:35:Infinity:undefined:undefined:undefined:undefined":1,"s:24:2:35:Infinity":7,"f:53:25:53:31":2,"s:53:31:53:Infinity":8,"b:63:65:63:133:63:137:63:164":2,"b:69:25:69:49:69:49:69:Infinity":3}}}
,"/Users/hashim/Desktop/soluly-business-suite/src/components/dashboard/StatsCard.tsx": {"path":"/Users/hashim/Desktop/soluly-business-suite/src/components/dashboard/StatsCard.tsx","statementMap":{"0":{"start":{"line":19,"column":22},"end":{"line":19,"column":null}},"1":{"start":{"line":44,"column":2},"end":{"line":46,"column":null}},"2":{"start":{"line":48,"column":2},"end":{"line":48,"column":null}}},"fnMap":{"0":{"name":"StatsCard","decl":{"start":{"line":18,"column":16},"end":{"line":18,"column":26}},"loc":{"start":{"line":18,"column":96},"end":{"line":49,"column":null}},"line":18}},"branchMap":{"0":{"loc":{"start":{"line":21,"column":91},"end":{"line":21,"column":142}},"type":"cond-expr","locations":[{"start":{"line":21,"column":98},"end":{"line":21,"column":138}},{"start":{"line":21,"column":138},"end":{"line":21,"column":142}}],"line":21},"1":{"loc":{"start":{"line":36,"column":54},"end":{"line":36,"column":110}},"type":"cond-expr","locations":[{"start":{"line":36,"column":73},"end":{"line":36,"column":90}},{"start":{"line":36,"column":90},"end":{"line":36,"column":110}}],"line":36},"2":{"loc":{"start":{"line":37,"column":13},"end":{"line":37,"column":42}},"type":"cond-expr","locations":[{"start":{"line":37,"column":32},"end":{"line":37,"column":38}},{"start":{"line":37,"column":38},"end":{"line":37,"column":42}}],"line":37},"3":{"loc":{"start":{"line":44,"column":2},"end":{"line":46,"column":null}},"type":"if","locations":[{"start":{"line":44,"column":2},"end":{"line":46,"column":null}},{"start":{},"end":{}}],"line":44}},"s":{"0":9,"1":9,"2":8},"f":{"0":9},"b":{"0":[1,8],"1":[1,1],"2":[1,1],"3":[1,8]},"meta":{"lastBranch":4,"lastFunction":1,"lastStatement":3,"seen":{"f:18:16:18:26":0,"s:19:22:19:Infinity":0,"b:21:98:21:138:21:138:21:142":0,"b:36:73:36:90:36:90:36:110":1,"b:37:32:37:38:37:38:37:42":2,"b:44:2:46:Infinity:undefined:undefined:undefined:undefined":3,"s:44:2:46:Infinity":1,"s:48:2:48:Infinity":2}}}
,"/Users/hashim/Desktop/soluly-business-suite/src/components/ui/badge.tsx": {"path":"/Users/hashim/Desktop/soluly-business-suite/src/components/ui/badge.tsx","statementMap":{"0":{"start":{"line":6,"column":6},"end":{"line":20,"column":null}}},"fnMap":{"0":{"name":"Badge","decl":{"start":{"line":25,"column":9},"end":{"line":25,"column":15}},"loc":{"start":{"line":25,"column":59},"end":{"line":27,"column":null}},"line":25}},"branchMap":{},"s":{"0":2},"f":{"0":0},"b":{},"meta":{"lastBranch":0,"lastFunction":1,"lastStatement":1,"seen":{"s:6:6:20:Infinity":0,"f:25:9:25:15":0}}}
,"/Users/hashim/Desktop/soluly-business-suite/src/components/ui/button.tsx": {"path":"/Users/hashim/Desktop/soluly-business-suite/src/components/ui/button.tsx","statementMap":{"0":{"start":{"line":7,"column":6},"end":{"line":30,"column":null}},"1":{"start":{"line":39,"column":15},"end":{"line":43,"column":null}},"2":{"start":{"line":41,"column":17},"end":{"line":41,"column":null}},"3":{"start":{"line":45,"column":0},"end":{"line":45,"column":null}}},"fnMap":{"0":{"name":"(anonymous_0)","decl":{"start":{"line":40,"column":2},"end":{"line":40,"column":3}},"loc":{"start":{"line":40,"column":60},"end":{"line":43,"column":null}},"line":40}},"branchMap":{"0":{"loc":{"start":{"line":40,"column":31},"end":{"line":40,"column":46}},"type":"default-arg","locations":[{"start":{"line":40,"column":41},"end":{"line":40,"column":46}}],"line":40},"1":{"loc":{"start":{"line":41,"column":17},"end":{"line":41,"column":null}},"type":"cond-expr","locations":[{"start":{"line":41,"column":27},"end":{"line":41,"column":34}},{"start":{"line":41,"column":34},"end":{"line":41,"column":null}}],"line":41}},"s":{"0":2,"1":2,"2":0,"3":2},"f":{"0":0},"b":{"0":[0],"1":[0,0]},"meta":{"lastBranch":2,"lastFunction":1,"lastStatement":4,"seen":{"s:7:6:30:Infinity":0,"s:39:15:43:Infinity":1,"f:40:2:40:3":0,"b:40:41:40:46":0,"s:41:17:41:Infinity":2,"b:41:27:41:34:41:34:41:Infinity":1,"s:45:0:45:Infinity":3}}}
,"/Users/hashim/Desktop/soluly-business-suite/src/components/ui/card.tsx": {"path":"/Users/hashim/Desktop/soluly-business-suite/src/components/ui/card.tsx","statementMap":{"0":{"start":{"line":8,"column":0},"end":{"line":8,"column":null}},"1":{"start":{"line":15,"column":0},"end":{"line":15,"column":null}},"2":{"start":{"line":22,"column":0},"end":{"line":22,"column":null}},"3":{"start":{"line":29,"column":0},"end":{"line":29,"column":null}},"4":{"start":{"line":34,"column":0},"end":{"line":34,"column":null}},"5":{"start":{"line":41,"column":0},"end":{"line":41,"column":null}}},"fnMap":{},"branchMap":{},"s":{"0":5,"1":5,"2":5,"3":5,"4":5,"5":5},"f":{},"b":{},"meta":{"lastBranch":0,"lastFunction":0,"lastStatement":6,"seen":{"s:8:0:8:Infinity":0,"s:15:0:15:Infinity":1,"s:22:0:22:Infinity":2,"s:29:0:29:Infinity":3,"s:34:0:34:Infinity":4,"s:41:0:41:Infinity":5}}}
,"/Users/hashim/Desktop/soluly-business-suite/src/components/ui/dialog.tsx": {"path":"/Users/hashim/Desktop/soluly-business-suite/src/components/ui/dialog.tsx","statementMap":{"0":{"start":{"line":7,"column":15},"end":{"line":7,"column":35}},"1":{"start":{"line":9,"column":22},"end":{"line":9,"column":45}},"2":{"start":{"line":11,"column":21},"end":{"line":11,"column":43}},"3":{"start":{"line":13,"column":20},"end":{"line":13,"column":41}},"4":{"start":{"line":28,"column":0},"end":{"line":28,"column":null}},"5":{"start":{"line":52,"column":0},"end":{"line":52,"column":null}},"6":{"start":{"line":57,"column":0},"end":{"line":57,"column":null}},"7":{"start":{"line":62,"column":0},"end":{"line":62,"column":null}},"8":{"start":{"line":74,"column":0},"end":{"line":74,"column":null}},"9":{"start":{"line":82,"column":0},"end":{"line":82,"column":null}}},"fnMap":{},"branchMap":{},"s":{"0":2,"1":2,"2":2,"3":2,"4":2,"5":2,"6":2,"7":2,"8":2,"9":2},"f":{},"b":{},"meta":{"lastBranch":0,"lastFunction":0,"lastStatement":10,"seen":{"s:7:15:7:35":0,"s:9:22:9:45":1,"s:11:21:11:43":2,"s:13:20:13:41":3,"s:28:0:28:Infinity":4,"s:52:0:52:Infinity":5,"s:57:0:57:Infinity":6,"s:62:0:62:Infinity":7,"s:74:0:74:Infinity":8,"s:82:0:82:Infinity":9}}}
,"/Users/hashim/Desktop/soluly-business-suite/src/components/ui/dropdown-menu.tsx": {"path":"/Users/hashim/Desktop/soluly-business-suite/src/components/ui/dropdown-menu.tsx","statementMap":{"0":{"start":{"line":7,"column":21},"end":{"line":7,"column":47}},"1":{"start":{"line":9,"column":28},"end":{"line":9,"column":57}},"2":{"start":{"line":11,"column":26},"end":{"line":11,"column":53}},"3":{"start":{"line":13,"column":27},"end":{"line":13,"column":55}},"4":{"start":{"line":15,"column":24},"end":{"line":15,"column":49}},"5":{"start":{"line":17,"column":31},"end":{"line":17,"column":63}},"6":{"start":{"line":38,"column":0},"end":{"line":38,"column":null}},"7":{"start":{"line":53,"column":0},"end":{"line":53,"column":null}},"8":{"start":{"line":71,"column":0},"end":{"line":71,"column":null}},"9":{"start":{"line":89,"column":0},"end":{"line":89,"column":null}},"10":{"start":{"line":112,"column":0},"end":{"line":112,"column":null}},"11":{"start":{"line":134,"column":0},"end":{"line":134,"column":null}},"12":{"start":{"line":148,"column":0},"end":{"line":148,"column":null}},"13":{"start":{"line":156,"column":0},"end":{"line":156,"column":null}},"14":{"start":{"line":158,"column":29},"end":{"line":160,"column":null}},"15":{"start":{"line":161,"column":0},"end":{"line":161,"column":null}}},"fnMap":{"0":{"name":"(anonymous_0)","decl":{"start":{"line":158,"column":29},"end":{"line":158,"column":30}},"loc":{"start":{"line":158,"column":92},"end":{"line":160,"column":null}},"line":158}},"branchMap":{"0":{"loc":{"start":{"line":29,"column":6},"end":{"line":29,"column":null}},"type":"binary-expr","locations":[{"start":{"line":29,"column":6},"end":{"line":29,"column":15}},{"start":{"line":29,"column":15},"end":{"line":29,"column":null}}],"line":29},"1":{"loc":{"start":{"line":58,"column":16},"end":{"line":58,"column":30}},"type":"default-arg","locations":[{"start":{"line":58,"column":29},"end":{"line":58,"column":30}}],"line":58},"2":{"loc":{"start":{"line":83,"column":6},"end":{"line":83,"column":null}},"type":"binary-expr","locations":[{"start":{"line":83,"column":6},"end":{"line":83,"column":15}},{"start":{"line":83,"column":15},"end":{"line":83,"column":null}}],"line":83},"3":{"loc":{"start":{"line":144,"column":55},"end":{"line":144,"column":72}},"type":"binary-expr","locations":[{"start":{"line":144,"column":55},"end":{"line":144,"column":64}},{"start":{"line":144,"column":64},"end":{"line":144,"column":72}}],"line":144}},"s":{"0":2,"1":2,"2":2,"3":2,"4":2,"5":2,"6":2,"7":2,"8":2,"9":2,"10":2,"11":2,"12":2,"13":2,"14":2,"15":2},"f":{"0":0},"b":{"0":[0,0],"1":[0],"2":[0,0],"3":[0,0]},"meta":{"lastBranch":4,"lastFunction":1,"lastStatement":16,"seen":{"s:7:21:7:47":0,"s:9:28:9:57":1,"s:11:26:11:53":2,"s:13:27:13:55":3,"s:15:24:15:49":4,"s:17:31:17:63":5,"b:29:6:29:15:29:15:29:Infinity":0,"s:38:0:38:Infinity":6,"s:53:0:53:Infinity":7,"b:58:29:58:30":1,"s:71:0:71:Infinity":8,"b:83:6:83:15:83:15:83:Infinity":2,"s:89:0:89:Infinity":9,"s:112:0:112:Infinity":10,"s:134:0:134:Infinity":11,"b:144:55:144:64:144:64:144:72":3,"s:148:0:148:Infinity":12,"s:156:0:156:Infinity":13,"s:158:29:160:Infinity":14,"f:158:29:158:30":0,"s:161:0:161:Infinity":15}}}
,"/Users/hashim/Desktop/soluly-business-suite/src/components/ui/input.tsx": {"path":"/Users/hashim/Desktop/soluly-business-suite/src/components/ui/input.tsx","statementMap":{"0":{"start":{"line":5,"column":14},"end":{"line":18,"column":null}},"1":{"start":{"line":20,"column":0},"end":{"line":20,"column":null}}},"fnMap":{"0":{"name":"(anonymous_0)","decl":{"start":{"line":6,"column":2},"end":{"line":6,"column":3}},"loc":{"start":{"line":6,"column":34},"end":{"line":18,"column":null}},"line":6}},"branchMap":{},"s":{"0":2,"1":2},"f":{"0":0},"b":{},"meta":{"lastBranch":0,"lastFunction":1,"lastStatement":2,"seen":{"s:5:14:18:Infinity":0,"f:6:2:6:3":0,"s:20:0:20:Infinity":1}}}
,"/Users/hashim/Desktop/soluly-business-suite/src/components/ui/label.tsx": {"path":"/Users/hashim/Desktop/soluly-business-suite/src/components/ui/label.tsx","statementMap":{"0":{"start":{"line":7,"column":6},"end":{"line":7,"column":null}},"1":{"start":{"line":15,"column":0},"end":{"line":15,"column":null}}},"fnMap":{},"branchMap":{},"s":{"0":2,"1":2},"f":{},"b":{},"meta":{"lastBranch":0,"lastFunction":0,"lastStatement":2,"seen":{"s:7:6:7:Infinity":0,"s:15:0:15:Infinity":1}}}
,"/Users/hashim/Desktop/soluly-business-suite/src/components/ui/progress.tsx": {"path":"/Users/hashim/Desktop/soluly-business-suite/src/components/ui/progress.tsx","statementMap":{"0":{"start":{"line":21,"column":0},"end":{"line":21,"column":null}}},"fnMap":{},"branchMap":{"0":{"loc":{"start":{"line":17,"column":48},"end":{"line":17,"column":60}},"type":"binary-expr","locations":[{"start":{"line":17,"column":48},"end":{"line":17,"column":57}},{"start":{"line":17,"column":57},"end":{"line":17,"column":60}}],"line":17}},"s":{"0":2},"f":{},"b":{"0":[0,0]},"meta":{"lastBranch":1,"lastFunction":0,"lastStatement":1,"seen":{"b:17:48:17:57:17:57:17:60":0,"s:21:0:21:Infinity":0}}}
,"/Users/hashim/Desktop/soluly-business-suite/src/components/ui/select.tsx": {"path":"/Users/hashim/Desktop/soluly-business-suite/src/components/ui/select.tsx","statementMap":{"0":{"start":{"line":7,"column":15},"end":{"line":7,"column":35}},"1":{"start":{"line":9,"column":20},"end":{"line":9,"column":41}},"2":{"start":{"line":11,"column":20},"end":{"line":11,"column":41}},"3":{"start":{"line":31,"column":0},"end":{"line":31,"column":null}},"4":{"start":{"line":45,"column":0},"end":{"line":45,"column":null}},"5":{"start":{"line":59,"column":0},"end":{"line":59,"column":null}},"6":{"start":{"line":91,"column":0},"end":{"line":91,"column":null}},"7":{"start":{"line":99,"column":0},"end":{"line":99,"column":null}},"8":{"start":{"line":122,"column":0},"end":{"line":122,"column":null}},"9":{"start":{"line":130,"column":0},"end":{"line":130,"column":null}}},"fnMap":{},"branchMap":{"0":{"loc":{"start":{"line":64,"column":26},"end":{"line":64,"column":45}},"type":"default-arg","locations":[{"start":{"line":64,"column":37},"end":{"line":64,"column":45}}],"line":64},"1":{"loc":{"start":{"line":70,"column":8},"end":{"line":71,"column":null}},"type":"binary-expr","locations":[{"start":{"line":70,"column":8},"end":{"line":70,"column":null}},{"start":{"line":71,"column":10},"end":{"line":71,"column":null}}],"line":70},"2":{"loc":{"start":{"line":81,"column":10},"end":{"line":82,"column":null}},"type":"binary-expr","locations":[{"start":{"line":81,"column":10},"end":{"line":81,"column":null}},{"start":{"line":82,"column":12},"end":{"line":82,"column":null}}],"line":81}},"s":{"0":2,"1":2,"2":2,"3":2,"4":2,"5":2,"6":2,"7":2,"8":2,"9":2},"f":{},"b":{"0":[0],"1":[0,0],"2":[0,0]},"meta":{"lastBranch":3,"lastFunction":0,"lastStatement":10,"seen":{"s:7:15:7:35":0,"s:9:20:9:41":1,"s:11:20:11:41":2,"s:31:0:31:Infinity":3,"s:45:0:45:Infinity":4,"s:59:0:59:Infinity":5,"b:64:37:64:45":0,"b:70:8:70:Infinity:71:10:71:Infinity":1,"b:81:10:81:Infinity:82:12:82:Infinity":2,"s:91:0:91:Infinity":6,"s:99:0:99:Infinity":7,"s:122:0:122:Infinity":8,"s:130:0:130:Infinity":9}}}
,"/Users/hashim/Desktop/soluly-business-suite/src/components/ui/table.tsx": {"path":"/Users/hashim/Desktop/soluly-business-suite/src/components/ui/table.tsx","statementMap":{"0":{"start":{"line":12,"column":0},"end":{"line":12,"column":null}},"1":{"start":{"line":17,"column":0},"end":{"line":17,"column":null}},"2":{"start":{"line":24,"column":0},"end":{"line":24,"column":null}},"3":{"start":{"line":31,"column":0},"end":{"line":31,"column":null}},"4":{"start":{"line":42,"column":0},"end":{"line":42,"column":null}},"5":{"start":{"line":56,"column":0},"end":{"line":56,"column":null}},"6":{"start":{"line":63,"column":0},"end":{"line":63,"column":null}},"7":{"start":{"line":70,"column":0},"end":{"line":70,"column":null}}},"fnMap":{},"branchMap":{},"s":{"0":1,"1":1,"2":1,"3":1,"4":1,"5":1,"6":1,"7":1},"f":{},"b":{},"meta":{"lastBranch":0,"lastFunction":0,"lastStatement":8,"seen":{"s:12:0:12:Infinity":0,"s:17:0:17:Infinity":1,"s:24:0:24:Infinity":2,"s:31:0:31:Infinity":3,"s:42:0:42:Infinity":4,"s:56:0:56:Infinity":5,"s:63:0:63:Infinity":6,"s:70:0:70:Infinity":7}}}
,"/Users/hashim/Desktop/soluly-business-suite/src/components/ui/tabs.tsx": {"path":"/Users/hashim/Desktop/soluly-business-suite/src/components/ui/tabs.tsx","statementMap":{"0":{"start":{"line":6,"column":13},"end":{"line":6,"column":31}},"1":{"start":{"line":21,"column":0},"end":{"line":21,"column":null}},"2":{"start":{"line":36,"column":0},"end":{"line":36,"column":null}},"3":{"start":{"line":51,"column":0},"end":{"line":51,"column":null}}},"fnMap":{},"branchMap":{},"s":{"0":1,"1":1,"2":1,"3":1},"f":{},"b":{},"meta":{"lastBranch":0,"lastFunction":0,"lastStatement":4,"seen":{"s:6:13:6:31":0,"s:21:0:21:Infinity":1,"s:36:0:36:Infinity":2,"s:51:0:51:Infinity":3}}}
,"/Users/hashim/Desktop/soluly-business-suite/src/components/ui/textarea.tsx": {"path":"/Users/hashim/Desktop/soluly-business-suite/src/components/ui/textarea.tsx","statementMap":{"0":{"start":{"line":7,"column":17},"end":{"line":18,"column":null}},"1":{"start":{"line":19,"column":0},"end":{"line":19,"column":null}}},"fnMap":{"0":{"name":"(anonymous_0)","decl":{"start":{"line":7,"column":70},"end":{"line":7,"column":71}},"loc":{"start":{"line":7,"column":96},"end":{"line":18,"column":null}},"line":7}},"branchMap":{},"s":{"0":2,"1":2},"f":{"0":0},"b":{},"meta":{"lastBranch":0,"lastFunction":1,"lastStatement":2,"seen":{"s:7:17:18:Infinity":0,"f:7:70:7:71":0,"s:19:0:19:Infinity":1}}}
,"/Users/hashim/Desktop/soluly-business-suite/src/contexts/AuthContext.tsx": {"path":"/Users/hashim/Desktop/soluly-business-suite/src/contexts/AuthContext.tsx","statementMap":{"0":{"start":{"line":12,"column":40},"end":{"line":26,"column":null}},"1":{"start":{"line":29,"column":21},"end":{"line":34,"column":null}},"2":{"start":{"line":68,"column":6},"end":{"line":68,"column":null}},"3":{"start":{"line":72,"column":2},"end":{"line":77,"column":null}},"4":{"start":{"line":75,"column":6},"end":{"line":75,"column":null}},"5":{"start":{"line":75,"column":23},"end":{"line":75,"column":65}},"6":{"start":{"line":81,"column":20},"end":{"line":104,"column":null}},"7":{"start":{"line":83,"column":4},"end":{"line":87,"column":null}},"8":{"start":{"line":84,"column":6},"end":{"line":84,"column":null}},"9":{"start":{"line":86,"column":6},"end":{"line":86,"column":null}},"10":{"start":{"line":90,"column":4},"end":{"line":95,"column":null}},"11":{"start":{"line":91,"column":6},"end":{"line":91,"column":null}},"12":{"start":{"line":92,"column":6},"end":{"line":92,"column":null}},"13":{"start":{"line":94,"column":6},"end":{"line":94,"column":null}},"14":{"start":{"line":98,"column":4},"end":{"line":102,"column":null}},"15":{"start":{"line":99,"column":6},"end":{"line":99,"column":null}},"16":{"start":{"line":107,"column":23},"end":{"line":107,"column":null}},"17":{"start":{"line":108,"column":29},"end":{"line":108,"column":null}},"18":{"start":{"line":109,"column":27},"end":{"line":109,"column":null}},"19":{"start":{"line":110,"column":39},"end":{"line":110,"column":null}},"20":{"start":{"line":111,"column":23},"end":{"line":111,"column":null}},"21":{"start":{"line":112,"column":37},"end":{"line":112,"column":null}},"22":{"start":{"line":113,"column":49},"end":{"line":113,"column":null}},"23":{"start":{"line":114,"column":33},"end":{"line":114,"column":null}},"24":{"start":{"line":115,"column":33},"end":{"line":115,"column":null}},"25":{"start":{"line":118,"column":8},"end":{"line":118,"column":null}},"26":{"start":{"line":119,"column":8},"end":{"line":119,"column":null}},"27":{"start":{"line":120,"column":8},"end":{"line":120,"column":null}},"28":{"start":{"line":123,"column":8},"end":{"line":125,"column":null}},"29":{"start":{"line":124,"column":4},"end":{"line":124,"column":null}},"30":{"start":{"line":128,"column":8},"end":{"line":217,"column":null}},"31":{"start":{"line":130,"column":4},"end":{"line":132,"column":null}},"32":{"start":{"line":131,"column":6},"end":{"line":131,"column":null}},"33":{"start":{"line":134,"column":4},"end":{"line":134,"column":null}},"34":{"start":{"line":135,"column":4},"end":{"line":135,"column":null}},"35":{"start":{"line":137,"column":4},"end":{"line":216,"column":null}},"36":{"start":{"line":139,"column":55},"end":{"line":145,"column":null}},"37":{"start":{"line":148,"column":6},"end":{"line":151,"column":null}},"38":{"start":{"line":149,"column":8},"end":{"line":149,"column":null}},"39":{"start":{"line":150,"column":8},"end":{"line":150,"column":null}},"40":{"start":{"line":153,"column":6},"end":{"line":156,"column":null}},"41":{"start":{"line":155,"column":8},"end":{"line":155,"column":null}},"42":{"start":{"line":158,"column":6},"end":{"line":158,"column":null}},"43":{"start":{"line":161,"column":6},"end":{"line":174,"column":null}},"44":{"start":{"line":162,"column":51},"end":{"line":168,"column":null}},"45":{"start":{"line":171,"column":8},"end":{"line":173,"column":null}},"46":{"start":{"line":172,"column":10},"end":{"line":172,"column":null}},"47":{"start":{"line":177,"column":6},"end":{"line":204,"column":null}},"48":{"start":{"line":178,"column":53},"end":{"line":184,"column":null}},"49":{"start":{"line":187,"column":8},"end":{"line":200,"column":null}},"50":{"start":{"line":188,"column":10},"end":{"line":188,"column":null}},"51":{"start":{"line":189,"column":10},"end":{"line":189,"column":null}},"52":{"start":{"line":193,"column":10},"end":{"line":199,"column":null}},"53":{"start":{"line":194,"column":12},"end":{"line":194,"column":null}},"54":{"start":{"line":195,"column":17},"end":{"line":199,"column":null}},"55":{"start":{"line":196,"column":12},"end":{"line":196,"column":null}},"56":{"start":{"line":198,"column":12},"end":{"line":198,"column":40}},"57":{"start":{"line":203,"column":8},"end":{"line":203,"column":null}},"58":{"start":{"line":206,"column":6},"end":{"line":206,"column":null}},"59":{"start":{"line":208,"column":6},"end":{"line":212,"column":null}},"60":{"start":{"line":209,"column":8},"end":{"line":209,"column":null}},"61":{"start":{"line":211,"column":8},"end":{"line":211,"column":null}},"62":{"start":{"line":213,"column":6},"end":{"line":213,"column":null}},"63":{"start":{"line":215,"column":6},"end":{"line":215,"column":null}},"64":{"start":{"line":220,"column":8},"end":{"line":270,"column":null}},"65":{"start":{"line":221,"column":24},"end":{"line":221,"column":null}},"66":{"start":{"line":223,"column":4},"end":{"line":225,"column":null}},"67":{"start":{"line":224,"column":6},"end":{"line":224,"column":null}},"68":{"start":{"line":227,"column":4},"end":{"line":269,"column":null}},"69":{"start":{"line":228,"column":19},"end":{"line":228,"column":null}},"70":{"start":{"line":231,"column":39},"end":{"line":237,"column":null}},"71":{"start":{"line":240,"column":6},"end":{"line":243,"column":null}},"72":{"start":{"line":241,"column":8},"end":{"line":241,"column":null}},"73":{"start":{"line":242,"column":8},"end":{"line":242,"column":null}},"74":{"start":{"line":245,"column":48},"end":{"line":253,"column":null}},"75":{"start":{"line":256,"column":6},"end":{"line":258,"column":null}},"76":{"start":{"line":257,"column":8},"end":{"line":257,"column":null}},"77":{"start":{"line":260,"column":23},"end":{"line":260,"column":null}},"78":{"start":{"line":261,"column":6},"end":{"line":263,"column":null}},"79":{"start":{"line":262,"column":8},"end":{"line":262,"column":null}},"80":{"start":{"line":265,"column":6},"end":{"line":265,"column":null}},"81":{"start":{"line":266,"column":6},"end":{"line":266,"column":null}},"82":{"start":{"line":268,"column":6},"end":{"line":268,"column":null}},"83":{"start":{"line":273,"column":8},"end":{"line":332,"column":null}},"84":{"start":{"line":274,"column":24},"end":{"line":274,"column":null}},"85":{"start":{"line":276,"column":4},"end":{"line":291,"column":null}},"86":{"start":{"line":278,"column":6},"end":{"line":290,"column":null}},"87":{"start":{"line":279,"column":33},"end":{"line":283,"column":null}},"88":{"start":{"line":286,"column":25},"end":{"line":286,"column":null}},"89":{"start":{"line":287,"column":8},"end":{"line":287,"column":null}},"90":{"start":{"line":289,"column":8},"end":{"line":289,"column":null}},"91":{"start":{"line":293,"column":4},"end":{"line":331,"column":null}},"92":{"start":{"line":294,"column":19},"end":{"line":294,"column":null}},"93":{"start":{"line":297,"column":48},"end":{"line":303,"column":null}},"94":{"start":{"line":306,"column":6},"end":{"line":312,"column":null}},"95":{"start":{"line":307,"column":25},"end":{"line":307,"column":null}},"96":{"start":{"line":308,"column":8},"end":{"line":311,"column":null}},"97":{"start":{"line":309,"column":10},"end":{"line":309,"column":null}},"98":{"start":{"line":310,"column":10},"end":{"line":310,"column":null}},"99":{"start":{"line":315,"column":39},"end":{"line":319,"column":null}},"100":{"start":{"line":322,"column":31},"end":{"line":322,"column":null}},"101":{"start":{"line":323,"column":6},"end":{"line":326,"column":null}},"102":{"start":{"line":324,"column":8},"end":{"line":324,"column":null}},"103":{"start":{"line":325,"column":8},"end":{"line":325,"column":null}},"104":{"start":{"line":328,"column":6},"end":{"line":328,"column":null}},"105":{"start":{"line":330,"column":6},"end":{"line":330,"column":null}},"106":{"start":{"line":335,"column":2},"end":{"line":427,"column":null}},"107":{"start":{"line":336,"column":4},"end":{"line":338,"column":null}},"108":{"start":{"line":337,"column":6},"end":{"line":337,"column":null}},"109":{"start":{"line":339,"column":4},"end":{"line":339,"column":null}},"110":{"start":{"line":341,"column":18},"end":{"line":341,"column":null}},"111":{"start":{"line":343,"column":27},"end":{"line":377,"column":null}},"112":{"start":{"line":344,"column":6},"end":{"line":376,"column":null}},"113":{"start":{"line":345,"column":45},"end":{"line":347,"column":null}},"114":{"start":{"line":350,"column":8},"end":{"line":354,"column":null}},"115":{"start":{"line":351,"column":10},"end":{"line":351,"column":null}},"116":{"start":{"line":352,"column":10},"end":{"line":352,"column":null}},"117":{"start":{"line":353,"column":10},"end":{"line":353,"column":null}},"118":{"start":{"line":356,"column":8},"end":{"line":356,"column":null}},"119":{"start":{"line":356,"column":22},"end":{"line":356,"column":null}},"120":{"start":{"line":358,"column":8},"end":{"line":358,"column":null}},"121":{"start":{"line":359,"column":8},"end":{"line":359,"column":null}},"122":{"start":{"line":361,"column":8},"end":{"line":367,"column":null}},"123":{"start":{"line":363,"column":10},"end":{"line":363,"column":null}},"124":{"start":{"line":364,"column":10},"end":{"line":364,"column":null}},"125":{"start":{"line":366,"column":10},"end":{"line":366,"column":null}},"126":{"start":{"line":369,"column":8},"end":{"line":371,"column":null}},"127":{"start":{"line":370,"column":10},"end":{"line":370,"column":null}},"128":{"start":{"line":373,"column":8},"end":{"line":375,"column":null}},"129":{"start":{"line":374,"column":10},"end":{"line":374,"column":null}},"130":{"start":{"line":379,"column":4},"end":{"line":379,"column":null}},"131":{"start":{"line":382,"column":51},"end":{"line":382,"column":null}},"132":{"start":{"line":384,"column":39},"end":{"line":418,"column":null}},"133":{"start":{"line":385,"column":6},"end":{"line":385,"column":null}},"134":{"start":{"line":385,"column":20},"end":{"line":385,"column":null}},"135":{"start":{"line":388,"column":6},"end":{"line":390,"column":null}},"136":{"start":{"line":389,"column":8},"end":{"line":389,"column":null}},"137":{"start":{"line":393,"column":6},"end":{"line":417,"column":null}},"138":{"start":{"line":394,"column":8},"end":{"line":394,"column":null}},"139":{"start":{"line":394,"column":22},"end":{"line":394,"column":null}},"140":{"start":{"line":396,"column":8},"end":{"line":396,"column":null}},"141":{"start":{"line":397,"column":8},"end":{"line":397,"column":null}},"142":{"start":{"line":399,"column":8},"end":{"line":414,"column":null}},"143":{"start":{"line":401,"column":10},"end":{"line":404,"column":null}},"144":{"start":{"line":402,"column":12},"end":{"line":402,"column":null}},"145":{"start":{"line":403,"column":12},"end":{"line":403,"column":null}},"146":{"start":{"line":405,"column":10},"end":{"line":405,"column":null}},"147":{"start":{"line":408,"column":10},"end":{"line":408,"column":null}},"148":{"start":{"line":409,"column":10},"end":{"line":409,"column":null}},"149":{"start":{"line":410,"column":10},"end":{"line":410,"column":null}},"150":{"start":{"line":411,"column":10},"end":{"line":411,"column":null}},"151":{"start":{"line":412,"column":10},"end":{"line":412,"column":null}},"152":{"start":{"line":413,"column":10},"end":{"line":413,"column":null}},"153":{"start":{"line":416,"column":8},"end":{"line":416,"column":null}},"154":{"start":{"line":420,"column":4},"end":{"line":426,"column":null}},"155":{"start":{"line":421,"column":6},"end":{"line":421,"column":null}},"156":{"start":{"line":422,"column":6},"end":{"line":424,"column":null}},"157":{"start":{"line":423,"column":8},"end":{"line":423,"column":null}},"158":{"start":{"line":425,"column":6},"end":{"line":425,"column":null}},"159":{"start":{"line":430,"column":17},"end":{"line":478,"column":null}},"160":{"start":{"line":431,"column":4},"end":{"line":431,"column":null}},"161":{"start":{"line":432,"column":4},"end":{"line":432,"column":null}},"162":{"start":{"line":434,"column":4},"end":{"line":477,"column":null}},"163":{"start":{"line":435,"column":30},"end":{"line":437,"column":null}},"164":{"start":{"line":440,"column":6},"end":{"line":453,"column":null}},"165":{"start":{"line":441,"column":8},"end":{"line":441,"column":null}},"166":{"start":{"line":445,"column":8},"end":{"line":449,"column":null}},"167":{"start":{"line":448,"column":10},"end":{"line":448,"column":null}},"168":{"start":{"line":451,"column":8},"end":{"line":451,"column":null}},"169":{"start":{"line":452,"column":8},"end":{"line":452,"column":null}},"170":{"start":{"line":455,"column":6},"end":{"line":458,"column":null}},"171":{"start":{"line":456,"column":8},"end":{"line":456,"column":null}},"172":{"start":{"line":457,"column":8},"end":{"line":457,"column":null}},"173":{"start":{"line":461,"column":20},"end":{"line":461,"column":null}},"174":{"start":{"line":462,"column":6},"end":{"line":466,"column":null}},"175":{"start":{"line":462,"column":19},"end":{"line":462,"column":22}},"176":{"start":{"line":463,"column":8},"end":{"line":463,"column":null}},"177":{"start":{"line":464,"column":8},"end":{"line":464,"column":null}},"178":{"start":{"line":464,"column":21},"end":{"line":464,"column":null}},"179":{"start":{"line":465,"column":8},"end":{"line":465,"column":null}},"180":{"start":{"line":465,"column":37},"end":{"line":465,"column":null}},"181":{"start":{"line":468,"column":6},"end":{"line":468,"column":null}},"182":{"start":{"line":469,"column":6},"end":{"line":469,"column":null}},"183":{"start":{"line":471,"column":6},"end":{"line":471,"column":null}},"184":{"start":{"line":473,"column":6},"end":{"line":475,"column":null}},"185":{"start":{"line":474,"column":8},"end":{"line":474,"column":null}},"186":{"start":{"line":476,"column":6},"end":{"line":476,"column":null}},"187":{"start":{"line":481,"column":17},"end":{"line":557,"column":null}},"188":{"start":{"line":488,"column":4},"end":{"line":488,"column":null}},"189":{"start":{"line":490,"column":4},"end":{"line":556,"column":null}},"190":{"start":{"line":491,"column":51},"end":{"line":499,"column":null}},"191":{"start":{"line":502,"column":6},"end":{"line":512,"column":null}},"192":{"start":{"line":505,"column":8},"end":{"line":509,"column":null}},"193":{"start":{"line":508,"column":10},"end":{"line":508,"column":null}},"194":{"start":{"line":510,"column":8},"end":{"line":510,"column":null}},"195":{"start":{"line":511,"column":8},"end":{"line":511,"column":null}},"196":{"start":{"line":514,"column":6},"end":{"line":516,"column":null}},"197":{"start":{"line":515,"column":8},"end":{"line":515,"column":null}},"198":{"start":{"line":519,"column":6},"end":{"line":525,"column":null}},"199":{"start":{"line":528,"column":6},"end":{"line":548,"column":null}},"200":{"start":{"line":529,"column":50},"end":{"line":537,"column":null}},"201":{"start":{"line":540,"column":8},"end":{"line":545,"column":null}},"202":{"start":{"line":541,"column":27},"end":{"line":541,"column":null}},"203":{"start":{"line":542,"column":10},"end":{"line":544,"column":null}},"204":{"start":{"line":543,"column":12},"end":{"line":543,"column":null}},"205":{"start":{"line":550,"column":6},"end":{"line":550,"column":null}},"206":{"start":{"line":552,"column":6},"end":{"line":554,"column":null}},"207":{"start":{"line":553,"column":8},"end":{"line":553,"column":null}},"208":{"start":{"line":555,"column":6},"end":{"line":555,"column":null}},"209":{"start":{"line":560,"column":27},"end":{"line":648,"column":null}},"210":{"start":{"line":565,"column":4},"end":{"line":565,"column":null}},"211":{"start":{"line":567,"column":4},"end":{"line":647,"column":null}},"212":{"start":{"line":569,"column":52},"end":{"line":576,"column":null}},"213":{"start":{"line":579,"column":6},"end":{"line":581,"column":null}},"214":{"start":{"line":580,"column":8},"end":{"line":580,"column":null}},"215":{"start":{"line":583,"column":6},"end":{"line":585,"column":null}},"216":{"start":{"line":584,"column":8},"end":{"line":584,"column":null}},"217":{"start":{"line":588,"column":51},"end":{"line":590,"column":null}},"218":{"start":{"line":593,"column":6},"end":{"line":602,"column":null}},"219":{"start":{"line":595,"column":8},"end":{"line":599,"column":null}},"220":{"start":{"line":598,"column":10},"end":{"line":598,"column":null}},"221":{"start":{"line":600,"column":8},"end":{"line":600,"column":null}},"222":{"start":{"line":601,"column":8},"end":{"line":601,"column":null}},"223":{"start":{"line":604,"column":6},"end":{"line":606,"column":null}},"224":{"start":{"line":605,"column":8},"end":{"line":605,"column":null}},"225":{"start":{"line":609,"column":6},"end":{"line":613,"column":null}},"226":{"start":{"line":616,"column":48},"end":{"line":622,"column":null}},"227":{"start":{"line":625,"column":6},"end":{"line":627,"column":null}},"228":{"start":{"line":626,"column":8},"end":{"line":626,"column":null}},"229":{"start":{"line":629,"column":23},"end":{"line":629,"column":null}},"230":{"start":{"line":630,"column":6},"end":{"line":636,"column":null}},"231":{"start":{"line":632,"column":8},"end":{"line":634,"column":null}},"232":{"start":{"line":633,"column":10},"end":{"line":633,"column":34}},"233":{"start":{"line":635,"column":8},"end":{"line":635,"column":null}},"234":{"start":{"line":639,"column":6},"end":{"line":639,"column":null}},"235":{"start":{"line":641,"column":6},"end":{"line":641,"column":null}},"236":{"start":{"line":643,"column":6},"end":{"line":645,"column":null}},"237":{"start":{"line":644,"column":8},"end":{"line":644,"column":null}},"238":{"start":{"line":646,"column":6},"end":{"line":646,"column":null}},"239":{"start":{"line":651,"column":18},"end":{"line":671,"column":null}},"240":{"start":{"line":652,"column":4},"end":{"line":656,"column":null}},"241":{"start":{"line":653,"column":6},"end":{"line":653,"column":null}},"242":{"start":{"line":659,"column":4},"end":{"line":659,"column":null}},"243":{"start":{"line":662,"column":4},"end":{"line":662,"column":null}},"244":{"start":{"line":663,"column":4},"end":{"line":663,"column":null}},"245":{"start":{"line":664,"column":4},"end":{"line":664,"column":null}},"246":{"start":{"line":665,"column":4},"end":{"line":665,"column":null}},"247":{"start":{"line":666,"column":4},"end":{"line":666,"column":null}},"248":{"start":{"line":667,"column":4},"end":{"line":667,"column":null}},"249":{"start":{"line":668,"column":4},"end":{"line":668,"column":null}},"250":{"start":{"line":669,"column":4},"end":{"line":669,"column":null}},"251":{"start":{"line":670,"column":4},"end":{"line":670,"column":null}},"252":{"start":{"line":675,"column":24},"end":{"line":701,"column":null}},"253":{"start":{"line":676,"column":4},"end":{"line":700,"column":null}},"254":{"start":{"line":677,"column":24},"end":{"line":681,"column":null}},"255":{"start":{"line":686,"column":6},"end":{"line":688,"column":null}},"256":{"start":{"line":687,"column":8},"end":{"line":687,"column":null}},"257":{"start":{"line":692,"column":6},"end":{"line":692,"column":null}},"258":{"start":{"line":694,"column":6},"end":{"line":696,"column":null}},"259":{"start":{"line":695,"column":8},"end":{"line":695,"column":null}},"260":{"start":{"line":698,"column":6},"end":{"line":698,"column":null}},"261":{"start":{"line":699,"column":6},"end":{"line":699,"column":null}},"262":{"start":{"line":704,"column":25},"end":{"line":722,"column":null}},"263":{"start":{"line":705,"column":4},"end":{"line":721,"column":null}},"264":{"start":{"line":706,"column":24},"end":{"line":708,"column":null}},"265":{"start":{"line":711,"column":6},"end":{"line":713,"column":null}},"266":{"start":{"line":712,"column":8},"end":{"line":712,"column":null}},"267":{"start":{"line":715,"column":6},"end":{"line":715,"column":null}},"268":{"start":{"line":717,"column":6},"end":{"line":719,"column":null}},"269":{"start":{"line":718,"column":8},"end":{"line":718,"column":null}},"270":{"start":{"line":720,"column":6},"end":{"line":720,"column":null}},"271":{"start":{"line":725,"column":24},"end":{"line":733,"column":null}},"272":{"start":{"line":726,"column":26},"end":{"line":726,"column":47}},"273":{"start":{"line":727,"column":4},"end":{"line":727,"column":null}},"274":{"start":{"line":727,"column":24},"end":{"line":727,"column":null}},"275":{"start":{"line":729,"column":23},"end":{"line":729,"column":76}},"276":{"start":{"line":730,"column":4},"end":{"line":730,"column":null}},"277":{"start":{"line":730,"column":34},"end":{"line":730,"column":null}},"278":{"start":{"line":732,"column":4},"end":{"line":732,"column":null}},"279":{"start":{"line":736,"column":21},"end":{"line":741,"column":null}},"280":{"start":{"line":737,"column":26},"end":{"line":737,"column":47}},"281":{"start":{"line":738,"column":4},"end":{"line":738,"column":null}},"282":{"start":{"line":738,"column":24},"end":{"line":738,"column":null}},"283":{"start":{"line":740,"column":4},"end":{"line":740,"column":null}},"284":{"start":{"line":744,"column":27},"end":{"line":751,"column":null}},"285":{"start":{"line":746,"column":4},"end":{"line":746,"column":null}},"286":{"start":{"line":746,"column":36},"end":{"line":746,"column":null}},"287":{"start":{"line":748,"column":4},"end":{"line":748,"column":null}},"288":{"start":{"line":748,"column":40},"end":{"line":748,"column":null}},"289":{"start":{"line":750,"column":4},"end":{"line":750,"column":null}},"290":{"start":{"line":754,"column":31},"end":{"line":756,"column":null}},"291":{"start":{"line":755,"column":4},"end":{"line":755,"column":null}},"292":{"start":{"line":759,"column":26},"end":{"line":763,"column":null}},"293":{"start":{"line":760,"column":4},"end":{"line":762,"column":null}},"294":{"start":{"line":761,"column":6},"end":{"line":761,"column":null}},"295":{"start":{"line":765,"column":33},"end":{"line":788,"column":null}},"296":{"start":{"line":794,"column":8},"end":{"line":794,"column":null}},"297":{"start":{"line":795,"column":2},"end":{"line":797,"column":null}},"298":{"start":{"line":796,"column":4},"end":{"line":796,"column":null}},"299":{"start":{"line":798,"column":2},"end":{"line":798,"column":null}}},"fnMap":{"0":{"name":"withTimeout","decl":{"start":{"line":71,"column":9},"end":{"line":71,"column":24}},"loc":{"start":{"line":71,"column":62},"end":{"line":78,"column":null}},"line":71},"1":{"name":"(anonymous_1)","decl":{"start":{"line":74,"column":19},"end":{"line":74,"column":20}},"loc":{"start":{"line":75,"column":6},"end":{"line":75,"column":null}},"line":75},"2":{"name":"(anonymous_2)","decl":{"start":{"line":75,"column":17},"end":{"line":75,"column":23}},"loc":{"start":{"line":75,"column":23},"end":{"line":75,"column":65}},"line":75},"3":{"name":"(anonymous_3)","decl":{"start":{"line":82,"column":11},"end":{"line":82,"column":12}},"loc":{"start":{"line":82,"column":12},"end":{"line":88,"column":null}},"line":82},"4":{"name":"(anonymous_4)","decl":{"start":{"line":89,"column":11},"end":{"line":89,"column":12}},"loc":{"start":{"line":89,"column":25},"end":{"line":96,"column":null}},"line":89},"5":{"name":"(anonymous_5)","decl":{"start":{"line":97,"column":14},"end":{"line":97,"column":15}},"loc":{"start":{"line":97,"column":15},"end":{"line":103,"column":null}},"line":97},"6":{"name":"AuthProvider","decl":{"start":{"line":106,"column":16},"end":{"line":106,"column":29}},"loc":{"start":{"line":106,"column":72},"end":{"line":791,"column":null}},"line":106},"7":{"name":"(anonymous_7)","decl":{"start":{"line":123,"column":37},"end":{"line":123,"column":null}},"loc":{"start":{"line":123,"column":37},"end":{"line":125,"column":5}},"line":123},"8":{"name":"(anonymous_8)","decl":{"start":{"line":128,"column":36},"end":{"line":128,"column":43}},"loc":{"start":{"line":128,"column":43},"end":{"line":217,"column":5}},"line":128},"9":{"name":"(anonymous_9)","decl":{"start":{"line":220,"column":44},"end":{"line":220,"column":51}},"loc":{"start":{"line":220,"column":51},"end":{"line":270,"column":5}},"line":220},"10":{"name":"(anonymous_10)","decl":{"start":{"line":273,"column":48},"end":{"line":273,"column":55}},"loc":{"start":{"line":273,"column":55},"end":{"line":332,"column":5}},"line":273},"11":{"name":"(anonymous_11)","decl":{"start":{"line":335,"column":12},"end":{"line":335,"column":null}},"loc":{"start":{"line":335,"column":12},"end":{"line":427,"column":5}},"line":335},"12":{"name":"(anonymous_12)","decl":{"start":{"line":343,"column":27},"end":{"line":343,"column":null}},"loc":{"start":{"line":343,"column":27},"end":{"line":377,"column":null}},"line":343},"13":{"name":"(anonymous_13)","decl":{"start":{"line":384,"column":71},"end":{"line":384,"column":78}},"loc":{"start":{"line":384,"column":85},"end":{"line":418,"column":null}},"line":384},"14":{"name":"(anonymous_14)","decl":{"start":{"line":393,"column":37},"end":{"line":393,"column":null}},"loc":{"start":{"line":393,"column":37},"end":{"line":417,"column":9}},"line":393},"15":{"name":"(anonymous_15)","decl":{"start":{"line":420,"column":11},"end":{"line":420,"column":null}},"loc":{"start":{"line":420,"column":11},"end":{"line":426,"column":null}},"line":420},"16":{"name":"(anonymous_16)","decl":{"start":{"line":430,"column":17},"end":{"line":430,"column":24}},"loc":{"start":{"line":430,"column":39},"end":{"line":478,"column":null}},"line":430},"17":{"name":"(anonymous_17)","decl":{"start":{"line":465,"column":26},"end":{"line":465,"column":37}},"loc":{"start":{"line":465,"column":37},"end":{"line":465,"column":null}},"line":465},"18":{"name":"(anonymous_18)","decl":{"start":{"line":481,"column":17},"end":{"line":481,"column":null}},"loc":{"start":{"line":486,"column":4},"end":{"line":557,"column":null}},"line":486},"19":{"name":"(anonymous_19)","decl":{"start":{"line":560,"column":27},"end":{"line":560,"column":null}},"loc":{"start":{"line":563,"column":4},"end":{"line":648,"column":null}},"line":563},"20":{"name":"(anonymous_20)","decl":{"start":{"line":651,"column":18},"end":{"line":651,"column":null}},"loc":{"start":{"line":651,"column":18},"end":{"line":671,"column":null}},"line":651},"21":{"name":"(anonymous_21)","decl":{"start":{"line":675,"column":24},"end":{"line":675,"column":31}},"loc":{"start":{"line":675,"column":31},"end":{"line":701,"column":null}},"line":675},"22":{"name":"(anonymous_22)","decl":{"start":{"line":704,"column":25},"end":{"line":704,"column":32}},"loc":{"start":{"line":704,"column":32},"end":{"line":722,"column":null}},"line":704},"23":{"name":"(anonymous_23)","decl":{"start":{"line":725,"column":24},"end":{"line":725,"column":25}},"loc":{"start":{"line":725,"column":54},"end":{"line":733,"column":null}},"line":725},"24":{"name":"(anonymous_24)","decl":{"start":{"line":736,"column":21},"end":{"line":736,"column":22}},"loc":{"start":{"line":736,"column":22},"end":{"line":741,"column":null}},"line":736},"25":{"name":"(anonymous_25)","decl":{"start":{"line":744,"column":27},"end":{"line":744,"column":28}},"loc":{"start":{"line":744,"column":28},"end":{"line":751,"column":null}},"line":744},"26":{"name":"(anonymous_26)","decl":{"start":{"line":754,"column":31},"end":{"line":754,"column":null}},"loc":{"start":{"line":754,"column":31},"end":{"line":756,"column":null}},"line":754},"27":{"name":"(anonymous_27)","decl":{"start":{"line":759,"column":26},"end":{"line":759,"column":null}},"loc":{"start":{"line":759,"column":26},"end":{"line":763,"column":null}},"line":759},"28":{"name":"useAuth","decl":{"start":{"line":793,"column":16},"end":{"line":793,"column":null}},"loc":{"start":{"line":793,"column":16},"end":{"line":799,"column":null}},"line":793}},"branchMap":{"0":{"loc":{"start":{"line":130,"column":4},"end":{"line":132,"column":null}},"type":"if","locations":[{"start":{"line":130,"column":4},"end":{"line":132,"column":null}},{"start":{},"end":{}}],"line":130},"1":{"loc":{"start":{"line":130,"column":8},"end":{"line":130,"column":76}},"type":"binary-expr","locations":[{"start":{"line":130,"column":8},"end":{"line":130,"column":34}},{"start":{"line":130,"column":38},"end":{"line":130,"column":76}}],"line":130},"2":{"loc":{"start":{"line":148,"column":6},"end":{"line":151,"column":null}},"type":"if","locations":[{"start":{"line":148,"column":6},"end":{"line":151,"column":null}},{"start":{},"end":{}}],"line":148},"3":{"loc":{"start":{"line":153,"column":6},"end":{"line":156,"column":null}},"type":"if","locations":[{"start":{"line":153,"column":6},"end":{"line":156,"column":null}},{"start":{},"end":{}}],"line":153},"4":{"loc":{"start":{"line":161,"column":6},"end":{"line":174,"column":null}},"type":"if","locations":[{"start":{"line":161,"column":6},"end":{"line":174,"column":null}},{"start":{},"end":{}}],"line":161},"5":{"loc":{"start":{"line":171,"column":8},"end":{"line":173,"column":null}},"type":"if","locations":[{"start":{"line":171,"column":8},"end":{"line":173,"column":null}},{"start":{},"end":{}}],"line":171},"6":{"loc":{"start":{"line":171,"column":12},"end":{"line":171,"column":34}},"type":"binary-expr","locations":[{"start":{"line":171,"column":12},"end":{"line":171,"column":25}},{"start":{"line":171,"column":25},"end":{"line":171,"column":34}}],"line":171},"7":{"loc":{"start":{"line":177,"column":6},"end":{"line":204,"column":null}},"type":"if","locations":[{"start":{"line":177,"column":6},"end":{"line":204,"column":null}},{"start":{"line":201,"column":13},"end":{"line":204,"column":null}}],"line":177},"8":{"loc":{"start":{"line":187,"column":8},"end":{"line":200,"column":null}},"type":"if","locations":[{"start":{"line":187,"column":8},"end":{"line":200,"column":null}},{"start":{},"end":{}}],"line":187},"9":{"loc":{"start":{"line":187,"column":12},"end":{"line":187,"column":36}},"type":"binary-expr","locations":[{"start":{"line":187,"column":12},"end":{"line":187,"column":26}},{"start":{"line":187,"column":26},"end":{"line":187,"column":36}}],"line":187},"10":{"loc":{"start":{"line":193,"column":10},"end":{"line":199,"column":null}},"type":"if","locations":[{"start":{"line":193,"column":10},"end":{"line":199,"column":null}},{"start":{"line":195,"column":17},"end":{"line":199,"column":null}}],"line":193},"11":{"loc":{"start":{"line":195,"column":17},"end":{"line":199,"column":null}},"type":"if","locations":[{"start":{"line":195,"column":17},"end":{"line":199,"column":null}},{"start":{"line":197,"column":17},"end":{"line":199,"column":null}}],"line":195},"12":{"loc":{"start":{"line":208,"column":6},"end":{"line":212,"column":null}},"type":"if","locations":[{"start":{"line":208,"column":6},"end":{"line":212,"column":null}},{"start":{"line":210,"column":13},"end":{"line":212,"column":null}}],"line":208},"13":{"loc":{"start":{"line":208,"column":10},"end":{"line":208,"column":77}},"type":"binary-expr","locations":[{"start":{"line":208,"column":10},"end":{"line":208,"column":36}},{"start":{"line":208,"column":36},"end":{"line":208,"column":77}}],"line":208},"14":{"loc":{"start":{"line":223,"column":4},"end":{"line":225,"column":null}},"type":"if","locations":[{"start":{"line":223,"column":4},"end":{"line":225,"column":null}},{"start":{},"end":{}}],"line":223},"15":{"loc":{"start":{"line":240,"column":6},"end":{"line":243,"column":null}},"type":"if","locations":[{"start":{"line":240,"column":6},"end":{"line":243,"column":null}},{"start":{},"end":{}}],"line":240},"16":{"loc":{"start":{"line":256,"column":6},"end":{"line":258,"column":null}},"type":"if","locations":[{"start":{"line":256,"column":6},"end":{"line":258,"column":null}},{"start":{},"end":{}}],"line":256},"17":{"loc":{"start":{"line":261,"column":6},"end":{"line":263,"column":null}},"type":"if","locations":[{"start":{"line":261,"column":6},"end":{"line":263,"column":null}},{"start":{},"end":{}}],"line":261},"18":{"loc":{"start":{"line":276,"column":4},"end":{"line":291,"column":null}},"type":"if","locations":[{"start":{"line":276,"column":4},"end":{"line":291,"column":null}},{"start":{},"end":{}}],"line":276},"19":{"loc":{"start":{"line":287,"column":15},"end":{"line":287,"column":null}},"type":"binary-expr","locations":[{"start":{"line":287,"column":15},"end":{"line":287,"column":36}},{"start":{"line":287,"column":36},"end":{"line":287,"column":null}}],"line":287},"20":{"loc":{"start":{"line":306,"column":6},"end":{"line":312,"column":null}},"type":"if","locations":[{"start":{"line":306,"column":6},"end":{"line":312,"column":null}},{"start":{},"end":{}}],"line":306},"21":{"loc":{"start":{"line":308,"column":8},"end":{"line":311,"column":null}},"type":"if","locations":[{"start":{"line":308,"column":8},"end":{"line":311,"column":null}},{"start":{},"end":{}}],"line":308},"22":{"loc":{"start":{"line":323,"column":6},"end":{"line":326,"column":null}},"type":"if","locations":[{"start":{"line":323,"column":6},"end":{"line":326,"column":null}},{"start":{},"end":{}}],"line":323},"23":{"loc":{"start":{"line":336,"column":4},"end":{"line":338,"column":null}},"type":"if","locations":[{"start":{"line":336,"column":4},"end":{"line":338,"column":null}},{"start":{},"end":{}}],"line":336},"24":{"loc":{"start":{"line":350,"column":8},"end":{"line":354,"column":null}},"type":"if","locations":[{"start":{"line":350,"column":8},"end":{"line":354,"column":null}},{"start":{},"end":{}}],"line":350},"25":{"loc":{"start":{"line":356,"column":8},"end":{"line":356,"column":null}},"type":"if","locations":[{"start":{"line":356,"column":8},"end":{"line":356,"column":null}},{"start":{},"end":{}}],"line":356},"26":{"loc":{"start":{"line":359,"column":16},"end":{"line":359,"column":null}},"type":"binary-expr","locations":[{"start":{"line":359,"column":16},"end":{"line":359,"column":33}},{"start":{"line":359,"column":33},"end":{"line":359,"column":null}}],"line":359},"27":{"loc":{"start":{"line":361,"column":8},"end":{"line":367,"column":null}},"type":"if","locations":[{"start":{"line":361,"column":8},"end":{"line":367,"column":null}},{"start":{},"end":{}}],"line":361},"28":{"loc":{"start":{"line":369,"column":8},"end":{"line":371,"column":null}},"type":"if","locations":[{"start":{"line":369,"column":8},"end":{"line":371,"column":null}},{"start":{},"end":{}}],"line":369},"29":{"loc":{"start":{"line":369,"column":12},"end":{"line":369,"column":79}},"type":"binary-expr","locations":[{"start":{"line":369,"column":12},"end":{"line":369,"column":38}},{"start":{"line":369,"column":38},"end":{"line":369,"column":79}}],"line":369},"30":{"loc":{"start":{"line":373,"column":8},"end":{"line":375,"column":null}},"type":"if","locations":[{"start":{"line":373,"column":8},"end":{"line":375,"column":null}},{"start":{},"end":{}}],"line":373},"31":{"loc":{"start":{"line":385,"column":6},"end":{"line":385,"column":null}},"type":"if","locations":[{"start":{"line":385,"column":6},"end":{"line":385,"column":null}},{"start":{},"end":{}}],"line":385},"32":{"loc":{"start":{"line":388,"column":6},"end":{"line":390,"column":null}},"type":"if","locations":[{"start":{"line":388,"column":6},"end":{"line":390,"column":null}},{"start":{},"end":{}}],"line":388},"33":{"loc":{"start":{"line":394,"column":8},"end":{"line":394,"column":null}},"type":"if","locations":[{"start":{"line":394,"column":8},"end":{"line":394,"column":null}},{"start":{},"end":{}}],"line":394},"34":{"loc":{"start":{"line":397,"column":16},"end":{"line":397,"column":null}},"type":"binary-expr","locations":[{"start":{"line":397,"column":16},"end":{"line":397,"column":36}},{"start":{"line":397,"column":36},"end":{"line":397,"column":null}}],"line":397},"35":{"loc":{"start":{"line":399,"column":8},"end":{"line":414,"column":null}},"type":"if","locations":[{"start":{"line":399,"column":8},"end":{"line":414,"column":null}},{"start":{"line":406,"column":15},"end":{"line":414,"column":null}}],"line":399},"36":{"loc":{"start":{"line":401,"column":10},"end":{"line":404,"column":null}},"type":"if","locations":[{"start":{"line":401,"column":10},"end":{"line":404,"column":null}},{"start":{},"end":{}}],"line":401},"37":{"loc":{"start":{"line":422,"column":6},"end":{"line":424,"column":null}},"type":"if","locations":[{"start":{"line":422,"column":6},"end":{"line":424,"column":null}},{"start":{},"end":{}}],"line":422},"38":{"loc":{"start":{"line":440,"column":6},"end":{"line":453,"column":null}},"type":"if","locations":[{"start":{"line":440,"column":6},"end":{"line":453,"column":null}},{"start":{},"end":{}}],"line":440},"39":{"loc":{"start":{"line":445,"column":8},"end":{"line":449,"column":null}},"type":"if","locations":[{"start":{"line":445,"column":8},"end":{"line":449,"column":null}},{"start":{},"end":{}}],"line":445},"40":{"loc":{"start":{"line":445,"column":12},"end":{"line":447,"column":54}},"type":"binary-expr","locations":[{"start":{"line":445,"column":12},"end":{"line":445,"column":null}},{"start":{"line":446,"column":12},"end":{"line":446,"column":null}},{"start":{"line":447,"column":12},"end":{"line":447,"column":54}}],"line":445},"41":{"loc":{"start":{"line":455,"column":6},"end":{"line":458,"column":null}},"type":"if","locations":[{"start":{"line":455,"column":6},"end":{"line":458,"column":null}},{"start":{},"end":{}}],"line":455},"42":{"loc":{"start":{"line":464,"column":8},"end":{"line":464,"column":null}},"type":"if","locations":[{"start":{"line":464,"column":8},"end":{"line":464,"column":null}},{"start":{},"end":{}}],"line":464},"43":{"loc":{"start":{"line":473,"column":6},"end":{"line":475,"column":null}},"type":"if","locations":[{"start":{"line":473,"column":6},"end":{"line":475,"column":null}},{"start":{},"end":{}}],"line":473},"44":{"loc":{"start":{"line":473,"column":10},"end":{"line":473,"column":77}},"type":"binary-expr","locations":[{"start":{"line":473,"column":10},"end":{"line":473,"column":36}},{"start":{"line":473,"column":36},"end":{"line":473,"column":77}}],"line":473},"45":{"loc":{"start":{"line":476,"column":22},"end":{"line":476,"column":94}},"type":"cond-expr","locations":[{"start":{"line":476,"column":47},"end":{"line":476,"column":60}},{"start":{"line":476,"column":63},"end":{"line":476,"column":94}}],"line":476},"46":{"loc":{"start":{"line":502,"column":6},"end":{"line":512,"column":null}},"type":"if","locations":[{"start":{"line":502,"column":6},"end":{"line":512,"column":null}},{"start":{},"end":{}}],"line":502},"47":{"loc":{"start":{"line":505,"column":8},"end":{"line":509,"column":null}},"type":"if","locations":[{"start":{"line":505,"column":8},"end":{"line":509,"column":null}},{"start":{},"end":{}}],"line":505},"48":{"loc":{"start":{"line":505,"column":12},"end":{"line":507,"column":67}},"type":"binary-expr","locations":[{"start":{"line":505,"column":12},"end":{"line":505,"column":null}},{"start":{"line":506,"column":12},"end":{"line":506,"column":null}},{"start":{"line":507,"column":12},"end":{"line":507,"column":67}}],"line":505},"49":{"loc":{"start":{"line":514,"column":6},"end":{"line":516,"column":null}},"type":"if","locations":[{"start":{"line":514,"column":6},"end":{"line":516,"column":null}},{"start":{},"end":{}}],"line":514},"50":{"loc":{"start":{"line":540,"column":8},"end":{"line":545,"column":null}},"type":"if","locations":[{"start":{"line":540,"column":8},"end":{"line":545,"column":null}},{"start":{},"end":{}}],"line":540},"51":{"loc":{"start":{"line":542,"column":10},"end":{"line":544,"column":null}},"type":"if","locations":[{"start":{"line":542,"column":10},"end":{"line":544,"column":null}},{"start":{},"end":{}}],"line":542},"52":{"loc":{"start":{"line":552,"column":6},"end":{"line":554,"column":null}},"type":"if","locations":[{"start":{"line":552,"column":6},"end":{"line":554,"column":null}},{"start":{},"end":{}}],"line":552},"53":{"loc":{"start":{"line":552,"column":10},"end":{"line":552,"column":77}},"type":"binary-expr","locations":[{"start":{"line":552,"column":10},"end":{"line":552,"column":36}},{"start":{"line":552,"column":36},"end":{"line":552,"column":77}}],"line":552},"54":{"loc":{"start":{"line":555,"column":22},"end":{"line":555,"column":94}},"type":"cond-expr","locations":[{"start":{"line":555,"column":47},"end":{"line":555,"column":60}},{"start":{"line":555,"column":63},"end":{"line":555,"column":94}}],"line":555},"55":{"loc":{"start":{"line":579,"column":6},"end":{"line":581,"column":null}},"type":"if","locations":[{"start":{"line":579,"column":6},"end":{"line":581,"column":null}},{"start":{},"end":{}}],"line":579},"56":{"loc":{"start":{"line":579,"column":10},"end":{"line":579,"column":35}},"type":"binary-expr","locations":[{"start":{"line":579,"column":10},"end":{"line":579,"column":22}},{"start":{"line":579,"column":22},"end":{"line":579,"column":35}}],"line":579},"57":{"loc":{"start":{"line":583,"column":6},"end":{"line":585,"column":null}},"type":"if","locations":[{"start":{"line":583,"column":6},"end":{"line":585,"column":null}},{"start":{},"end":{}}],"line":583},"58":{"loc":{"start":{"line":593,"column":6},"end":{"line":602,"column":null}},"type":"if","locations":[{"start":{"line":593,"column":6},"end":{"line":602,"column":null}},{"start":{},"end":{}}],"line":593},"59":{"loc":{"start":{"line":595,"column":8},"end":{"line":599,"column":null}},"type":"if","locations":[{"start":{"line":595,"column":8},"end":{"line":599,"column":null}},{"start":{},"end":{}}],"line":595},"60":{"loc":{"start":{"line":595,"column":12},"end":{"line":597,"column":67}},"type":"binary-expr","locations":[{"start":{"line":595,"column":12},"end":{"line":595,"column":null}},{"start":{"line":596,"column":12},"end":{"line":596,"column":null}},{"start":{"line":597,"column":12},"end":{"line":597,"column":67}}],"line":595},"61":{"loc":{"start":{"line":604,"column":6},"end":{"line":606,"column":null}},"type":"if","locations":[{"start":{"line":604,"column":6},"end":{"line":606,"column":null}},{"start":{},"end":{}}],"line":604},"62":{"loc":{"start":{"line":625,"column":6},"end":{"line":627,"column":null}},"type":"if","locations":[{"start":{"line":625,"column":6},"end":{"line":627,"column":null}},{"start":{},"end":{}}],"line":625},"63":{"loc":{"start":{"line":626,"column":24},"end":{"line":626,"column":74}},"type":"binary-expr","locations":[{"start":{"line":626,"column":24},"end":{"line":626,"column":40}},{"start":{"line":626,"column":44},"end":{"line":626,"column":74}}],"line":626},"64":{"loc":{"start":{"line":630,"column":6},"end":{"line":636,"column":null}},"type":"if","locations":[{"start":{"line":630,"column":6},"end":{"line":636,"column":null}},{"start":{},"end":{}}],"line":630},"65":{"loc":{"start":{"line":630,"column":10},"end":{"line":630,"column":40}},"type":"binary-expr","locations":[{"start":{"line":630,"column":10},"end":{"line":630,"column":23}},{"start":{"line":630,"column":23},"end":{"line":630,"column":40}}],"line":630},"66":{"loc":{"start":{"line":632,"column":8},"end":{"line":634,"column":null}},"type":"if","locations":[{"start":{"line":632,"column":8},"end":{"line":634,"column":null}},{"start":{},"end":{}}],"line":632},"67":{"loc":{"start":{"line":635,"column":24},"end":{"line":635,"column":73}},"type":"binary-expr","locations":[{"start":{"line":635,"column":24},"end":{"line":635,"column":43}},{"start":{"line":635,"column":43},"end":{"line":635,"column":73}}],"line":635},"68":{"loc":{"start":{"line":643,"column":6},"end":{"line":645,"column":null}},"type":"if","locations":[{"start":{"line":643,"column":6},"end":{"line":645,"column":null}},{"start":{},"end":{}}],"line":643},"69":{"loc":{"start":{"line":643,"column":10},"end":{"line":643,"column":77}},"type":"binary-expr","locations":[{"start":{"line":643,"column":10},"end":{"line":643,"column":36}},{"start":{"line":643,"column":36},"end":{"line":643,"column":77}}],"line":643},"70":{"loc":{"start":{"line":646,"column":22},"end":{"line":646,"column":94}},"type":"cond-expr","locations":[{"start":{"line":646,"column":47},"end":{"line":646,"column":60}},{"start":{"line":646,"column":63},"end":{"line":646,"column":94}}],"line":646},"71":{"loc":{"start":{"line":686,"column":6},"end":{"line":688,"column":null}},"type":"if","locations":[{"start":{"line":686,"column":6},"end":{"line":688,"column":null}},{"start":{},"end":{}}],"line":686},"72":{"loc":{"start":{"line":694,"column":6},"end":{"line":696,"column":null}},"type":"if","locations":[{"start":{"line":694,"column":6},"end":{"line":696,"column":null}},{"start":{},"end":{}}],"line":694},"73":{"loc":{"start":{"line":694,"column":10},"end":{"line":694,"column":77}},"type":"binary-expr","locations":[{"start":{"line":694,"column":10},"end":{"line":694,"column":36}},{"start":{"line":694,"column":36},"end":{"line":694,"column":77}}],"line":694},"74":{"loc":{"start":{"line":711,"column":6},"end":{"line":713,"column":null}},"type":"if","locations":[{"start":{"line":711,"column":6},"end":{"line":713,"column":null}},{"start":{},"end":{}}],"line":711},"75":{"loc":{"start":{"line":717,"column":6},"end":{"line":719,"column":null}},"type":"if","locations":[{"start":{"line":717,"column":6},"end":{"line":719,"column":null}},{"start":{},"end":{}}],"line":717},"76":{"loc":{"start":{"line":717,"column":10},"end":{"line":717,"column":77}},"type":"binary-expr","locations":[{"start":{"line":717,"column":10},"end":{"line":717,"column":36}},{"start":{"line":717,"column":36},"end":{"line":717,"column":77}}],"line":717},"77":{"loc":{"start":{"line":727,"column":4},"end":{"line":727,"column":null}},"type":"if","locations":[{"start":{"line":727,"column":4},"end":{"line":727,"column":null}},{"start":{},"end":{}}],"line":727},"78":{"loc":{"start":{"line":730,"column":4},"end":{"line":730,"column":null}},
[...]
":{"start":{"line":128,"column":28},"end":{"line":146,"column":10}},"line":128},"3":{"name":"(anonymous_3)","decl":{"start":{"line":150,"column":33},"end":{"line":150,"column":null}},"loc":{"start":{"line":150,"column":33},"end":{"line":158,"column":5}},"line":150},"4":{"name":"(anonymous_4)","decl":{"start":{"line":153,"column":37},"end":{"line":153,"column":42}},"loc":{"start":{"line":153,"column":42},"end":{"line":153,"column":55}},"line":153},"5":{"name":"(anonymous_5)","decl":{"start":{"line":154,"column":31},"end":{"line":154,"column":36}},"loc":{"start":{"line":154,"column":36},"end":{"line":154,"column":62}},"line":154},"6":{"name":"(anonymous_6)","decl":{"start":{"line":155,"column":29},"end":{"line":155,"column":34}},"loc":{"start":{"line":155,"column":34},"end":{"line":155,"column":58}},"line":155},"7":{"name":"(anonymous_7)","decl":{"start":{"line":156,"column":32},"end":{"line":156,"column":37}},"loc":{"start":{"line":156,"column":37},"end":{"line":156,"column":64}},"line":156},"8":{"name":"(anonymous_8)","decl":{"start":{"line":160,"column":29},"end":{"line":160,"column":null}},"loc":{"start":{"line":160,"column":29},"end":{"line":188,"column":null}},"line":160},"9":{"name":"(anonymous_9)","decl":{"start":{"line":190,"column":29},"end":{"line":190,"column":null}},"loc":{"start":{"line":190,"column":29},"end":{"line":209,"column":null}},"line":190},"10":{"name":"(anonymous_10)","decl":{"start":{"line":211,"column":28},"end":{"line":211,"column":35}},"loc":{"start":{"line":211,"column":53},"end":{"line":221,"column":null}},"line":211},"11":{"name":"(anonymous_11)","decl":{"start":{"line":223,"column":29},"end":{"line":223,"column":36}},"loc":{"start":{"line":223,"column":36},"end":{"line":229,"column":null}},"line":223},"12":{"name":"(anonymous_12)","decl":{"start":{"line":231,"column":25},"end":{"line":231,"column":26}},"loc":{"start":{"line":231,"column":53},"end":{"line":242,"column":null}},"line":231},"13":{"name":"(anonymous_13)","decl":{"start":{"line":244,"column":21},"end":{"line":244,"column":22}},"loc":{"start":{"line":244,"column":22},"end":{"line":250,"column":null}},"line":244},"14":{"name":"(anonymous_14)","decl":{"start":{"line":264,"column":43},"end":{"line":264,"column":49}},"loc":{"start":{"line":264,"column":49},"end":{"line":264,"column":75}},"line":264},"15":{"name":"(anonymous_15)","decl":{"start":{"line":297,"column":28},"end":{"line":297,"column":29}},"loc":{"start":{"line":297,"column":35},"end":{"line":297,"column":null}},"line":297},"16":{"name":"(anonymous_16)","decl":{"start":{"line":307,"column":28},"end":{"line":307,"column":29}},"loc":{"start":{"line":307,"column":35},"end":{"line":307,"column":null}},"line":307},"17":{"name":"(anonymous_17)","decl":{"start":{"line":316,"column":35},"end":{"line":316,"column":36}},"loc":{"start":{"line":316,"column":62},"end":{"line":316,"column":null}},"line":316},"18":{"name":"(anonymous_18)","decl":{"start":{"line":332,"column":35},"end":{"line":332,"column":36}},"loc":{"start":{"line":332,"column":46},"end":{"line":332,"column":null}},"line":332},"19":{"name":"(anonymous_19)","decl":{"start":{"line":352,"column":35},"end":{"line":352,"column":36}},"loc":{"start":{"line":352,"column":62},"end":{"line":352,"column":null}},"line":352},"20":{"name":"(anonymous_20)","decl":{"start":{"line":368,"column":35},"end":{"line":368,"column":36}},"loc":{"start":{"line":368,"column":46},"end":{"line":368,"column":null}},"line":368},"21":{"name":"(anonymous_21)","decl":{"start":{"line":374,"column":43},"end":{"line":374,"column":48}},"loc":{"start":{"line":374,"column":48},"end":{"line":374,"column":71}},"line":374},"22":{"name":"(anonymous_22)","decl":{"start":{"line":385,"column":49},"end":{"line":385,"column":55}},"loc":{"start":{"line":385,"column":55},"end":{"line":385,"column":79}},"line":385},"23":{"name":"(anonymous_23)","decl":{"start":{"line":405,"column":44},"end":{"line":405,"column":45}},"loc":{"start":{"line":405,"column":58},"end":{"line":428,"column":null}},"line":405},"24":{"name":"(anonymous_24)","decl":{"start":{"line":413,"column":23},"end":{"line":413,"column":29}},"loc":{"start":{"line":413,"column":29},"end":{"line":413,"column":null}},"line":413},"25":{"name":"(anonymous_25)","decl":{"start":{"line":463,"column":26},"end":{"line":463,"column":27}},"loc":{"start":{"line":463,"column":33},"end":{"line":463,"column":null}},"line":463},"26":{"name":"(anonymous_26)","decl":{"start":{"line":495,"column":37},"end":{"line":495,"column":38}},"loc":{"start":{"line":495,"column":38},"end":{"line":596,"column":null}},"line":495},"27":{"name":"(anonymous_27)","decl":{"start":{"line":501,"column":31},"end":{"line":501,"column":37}},"loc":{"start":{"line":501,"column":37},"end":{"line":501,"column":null}},"line":501},"28":{"name":"(anonymous_28)","decl":{"start":{"line":543,"column":64},"end":{"line":543,"column":65}},"loc":{"start":{"line":543,"column":71},"end":{"line":543,"column":null}},"line":543},"29":{"name":"(anonymous_29)","decl":{"start":{"line":549,"column":55},"end":{"line":549,"column":56}},"loc":{"start":{"line":549,"column":56},"end":{"line":552,"column":null}},"line":549},"30":{"name":"(anonymous_30)","decl":{"start":{"line":556,"column":55},"end":{"line":556,"column":56}},"loc":{"start":{"line":556,"column":62},"end":{"line":556,"column":null}},"line":556},"31":{"name":"(anonymous_31)","decl":{"start":{"line":569,"column":45},"end":{"line":569,"column":46}},"loc":{"start":{"line":569,"column":46},"end":{"line":572,"column":null}},"line":569},"32":{"name":"(anonymous_32)","decl":{"start":{"line":583,"column":39},"end":{"line":583,"column":40}},"loc":{"start":{"line":583,"column":40},"end":{"line":586,"column":null}},"line":583},"33":{"name":"(anonymous_33)","decl":{"start":{"line":621,"column":33},"end":{"line":621,"column":34}},"loc":{"start":{"line":621,"column":60},"end":{"line":621,"column":null}},"line":621},"34":{"name":"(anonymous_34)","decl":{"start":{"line":637,"column":33},"end":{"line":637,"column":34}},"loc":{"start":{"line":637,"column":44},"end":{"line":637,"column":null}},"line":637},"35":{"name":"(anonymous_35)","decl":{"start":{"line":657,"column":33},"end":{"line":657,"column":34}},"loc":{"start":{"line":657,"column":60},"end":{"line":657,"column":null}},"line":657},"36":{"name":"(anonymous_36)","decl":{"start":{"line":673,"column":33},"end":{"line":673,"column":34}},"loc":{"start":{"line":673,"column":58},"end":{"line":673,"column":null}},"line":673},"37":{"name":"(anonymous_37)","decl":{"start":{"line":691,"column":31},"end":{"line":691,"column":32}},"loc":{"start":{"line":691,"column":42},"end":{"line":691,"column":null}},"line":691},"38":{"name":"(anonymous_38)","decl":{"start":{"line":697,"column":39},"end":{"line":697,"column":44}},"loc":{"start":{"line":697,"column":44},"end":{"line":697,"column":67}},"line":697},"39":{"name":"(anonymous_39)","decl":{"start":{"line":707,"column":47},"end":{"line":707,"column":53}},"loc":{"start":{"line":707,"column":53},"end":{"line":707,"column":81}},"line":707}},"branchMap":{"0":{"loc":{"start":{"line":128,"column":11},"end":{"line":146,"column":12}},"type":"binary-expr","locations":[{"start":{"line":128,"column":11},"end":{"line":146,"column":10}},{"start":{"line":146,"column":10},"end":{"line":146,"column":12}}],"line":128},"1":{"loc":{"start":{"line":130,"column":28},"end":{"line":134,"column":null}},"type":"binary-expr","locations":[{"start":{"line":130,"column":28},"end":{"line":130,"column":null}},{"start":{"line":131,"column":8},"end":{"line":131,"column":null}},{"start":{"line":132,"column":8},"end":{"line":132,"column":null}},{"start":{"line":133,"column":8},"end":{"line":133,"column":null}},{"start":{"line":134,"column":8},"end":{"line":134,"column":null}}],"line":130},"2":{"loc":{"start":{"line":138,"column":6},"end":{"line":143,"column":null}},"type":"if","locations":[{"start":{"line":138,"column":6},"end":{"line":143,"column":null}},{"start":{"line":141,"column":13},"end":{"line":143,"column":null}}],"line":138},"3":{"loc":{"start":{"line":141,"column":13},"end":{"line":143,"column":null}},"type":"if","locations":[{"start":{"line":141,"column":13},"end":{"line":143,"column":null}},{"start":{},"end":{}}],"line":141},"4":{"loc":{"start":{"line":145,"column":13},"end":{"line":145,"column":null}},"type":"binary-expr","locations":[{"start":{"line":145,"column":13},"end":{"line":145,"column":30}},{"start":{"line":145,"column":30},"end":{"line":145,"column":null}}],"line":145},"5":{"loc":{"start":{"line":152,"column":11},"end":{"line":152,"column":null}},"type":"binary-expr","locations":[{"start":{"line":152,"column":11},"end":{"line":152,"column":30}},{"start":{"line":152,"column":30},"end":{"line":152,"column":null}}],"line":152},"6":{"loc":{"start":{"line":153,"column":21},"end":{"line":153,"column":null}},"type":"binary-expr","locations":[{"start":{"line":153,"column":21},"end":{"line":153,"column":67}},{"start":{"line":153,"column":67},"end":{"line":153,"column":null}}],"line":153},"7":{"loc":{"start":{"line":154,"column":15},"end":{"line":154,"column":null}},"type":"binary-expr","locations":[{"start":{"line":154,"column":15},"end":{"line":154,"column":72}},{"start":{"line":154,"column":72},"end":{"line":154,"column":null}}],"line":154},"8":{"loc":{"start":{"line":155,"column":13},"end":{"line":155,"column":null}},"type":"binary-expr","locations":[{"start":{"line":155,"column":13},"end":{"line":155,"column":68}},{"start":{"line":155,"column":68},"end":{"line":155,"column":null}}],"line":155},"9":{"loc":{"start":{"line":156,"column":16},"end":{"line":156,"column":null}},"type":"binary-expr","locations":[{"start":{"line":156,"column":16},"end":{"line":156,"column":74}},{"start":{"line":156,"column":74},"end":{"line":156,"column":null}}],"line":156},"10":{"loc":{"start":{"line":161,"column":4},"end":{"line":164,"column":null}},"type":"if","locations":[{"start":{"line":161,"column":4},"end":{"line":164,"column":null}},{"start":{},"end":{}}],"line":161},"11":{"loc":{"start":{"line":169,"column":21},"end":{"line":169,"column":null}},"type":"binary-expr","locations":[{"start":{"line":169,"column":21},"end":{"line":169,"column":42}},{"start":{"line":169,"column":46},"end":{"line":169,"column":null}}],"line":169},"12":{"loc":{"start":{"line":171,"column":20},"end":{"line":171,"column":null}},"type":"binary-expr","locations":[{"start":{"line":171,"column":20},"end":{"line":171,"column":40}},{"start":{"line":171,"column":44},"end":{"line":171,"column":null}}],"line":171},"13":{"loc":{"start":{"line":173,"column":21},"end":{"line":173,"column":null}},"type":"binary-expr","locations":[{"start":{"line":173,"column":21},"end":{"line":173,"column":42}},{"start":{"line":173,"column":46},"end":{"line":173,"column":null}}],"line":173},"14":{"loc":{"start":{"line":191,"column":4},"end":{"line":191,"column":null}},"type":"if","locations":[{"start":{"line":191,"column":4},"end":{"line":191,"column":null}},{"start":{},"end":{}}],"line":191},"15":{"loc":{"start":{"line":197,"column":20},"end":{"line":197,"column":null}},"type":"binary-expr","locations":[{"start":{"line":197,"column":20},"end":{"line":197,"column":39}},{"start":{"line":197,"column":43},"end":{"line":197,"column":null}}],"line":197},"16":{"loc":{"start":{"line":200,"column":21},"end":{"line":200,"column":null}},"type":"binary-expr","locations":[{"start":{"line":200,"column":21},"end":{"line":200,"column":41}},{"start":{"line":200,"column":45},"end":{"line":200,"column":null}}],"line":200},"17":{"loc":{"start":{"line":236,"column":18},"end":{"line":236,"column":null}},"type":"binary-expr","locations":[{"start":{"line":236,"column":18},"end":{"line":236,"column":35}},{"start":{"line":236,"column":39},"end":{"line":236,"column":null}}],"line":236},"18":{"loc":{"start":{"line":239,"column":19},"end":{"line":239,"column":null}},"type":"binary-expr","locations":[{"start":{"line":239,"column":19},"end":{"line":239,"column":37}},{"start":{"line":239,"column":41},"end":{"line":239,"column":null}}],"line":239},"19":{"loc":{"start":{"line":252,"column":2},"end":{"line":258,"column":null}},"type":"if","locations":[{"start":{"line":252,"column":2},"end":{"line":258,"column":null}},{"start":{},"end":{}}],"line":252},"20":{"loc":{"start":{"line":260,"column":2},"end":{"line":269,"column":null}},"type":"if","locations":[{"start":{"line":260,"column":2},"end":{"line":269,"column":null}},{"start":{},"end":{}}],"line":260},"21":{"loc":{"start":{"line":389,"column":17},"end":{"line":395,"column":null}},"type":"cond-expr","locations":[{"start":{"line":389,"column":39},"end":{"line":395,"column":null}},{"start":{"line":395,"column":18},"end":{"line":395,"column":null}}],"line":389},"22":{"loc":{"start":{"line":412,"column":77},"end":{"line":412,"column":171}},"type":"cond-expr","locations":[{"start":{"line":412,"column":88},"end":{"line":412,"column":130}},{"start":{"line":412,"column":130},"end":{"line":412,"column":171}}],"line":412},"23":{"loc":{"start":{"line":417,"column":103},"end":{"line":417,"column":145}},"type":"cond-expr","locations":[{"start":{"line":417,"column":114},"end":{"line":417,"column":126}},{"start":{"line":417,"column":129},"end":{"line":417,"column":145}}],"line":417},"24":{"loc":{"start":{"line":418,"column":48},"end":{"line":418,"column":null}},"type":"cond-expr","locations":[{"start":{"line":418,"column":59},"end":{"line":418,"column":87}},{"start":{"line":418,"column":87},"end":{"line":418,"column":null}}],"line":418},"25":{"loc":{"start":{"line":475,"column":17},"end":{"line":477,"column":null}},"type":"cond-expr","locations":[{"start":{"line":476,"column":20},"end":{"line":476,"column":null}},{"start":{"line":477,"column":20},"end":{"line":477,"column":null}}],"line":475},"26":{"loc":{"start":{"line":534,"column":42},"end":{"line":534,"column":null}},"type":"binary-expr","locations":[{"start":{"line":534,"column":42},"end":{"line":534,"column":110}},{"start":{"line":534,"column":114},"end":{"line":534,"column":null}}],"line":534}},"s":{"0":1,"1":1,"2":1,"3":0,"4":0,"5":0,"6":0,"7":0,"8":0,"9":0,"10":0,"11":0,"12":0,"13":0,"14":0,"15":0,"16":0,"17":0,"18":0,"19":0,"20":0,"21":0,"22":0,"23":0,"24":0,"25":0,"26":0,"27":0,"28":0,"29":0,"30":0,"31":0,"32":0,"33":0,"34":0,"35":0,"36":0,"37":0,"38":0,"39":0,"40":0,"41":0,"42":0,"43":0,"44":0,"45":0,"46":0,"47":0,"48":0,"49":0,"50":0,"51":0,"52":0,"53":0,"54":0,"55":0,"56":0,"57":0,"58":0,"59":0,"60":0,"61":0,"62":0,"63":0,"64":0,"65":0,"66":0,"67":0,"68":0,"69":0,"70":0,"71":0,"72":0,"73":0,"74":0,"75":0,"76":0,"77":0,"78":0,"79":0,"80":0,"81":0,"82":0,"83":0,"84":0,"85":0,"86":0,"87":0,"88":0,"89":0,"90":0,"91":0,"92":0,"93":0,"94":0,"95":0,"96":0,"97":0},"f":{"0":0,"1":0,"2":0,"3":0,"4":0,"5":0,"6":0,"7":0,"8":0,"9":0,"10":0,"11":0,"12":0,"13":0,"14":0,"15":0,"16":0,"17":0,"18":0,"19":0,"20":0,"21":0,"22":0,"23":0,"24":0,"25":0,"26":0,"27":0,"28":0,"29":0,"30":0,"31":0,"32":0,"33":0,"34":0,"35":0,"36":0,"37":0,"38":0,"39":0},"b":{"0":[0,0],"1":[0,0,0,0,0],"2":[0,0],"3":[0,0],"4":[0,0],"5":[0,0],"6":[0,0],"7":[0,0],"8":[0,0],"9":[0,0],"10":[0,0],"11":[0,0],"12":[0,0],"13":[0,0],"14":[0,0],"15":[0,0],"16":[0,0],"17":[0,0],"18":[0,0],"19":[0,0],"20":[0,0],"21":[0,0],"22":[0,0],"23":[0,0],"24":[0,0],"25":[0,0],"26":[0,0]},"meta":{"lastBranch":27,"lastFunction":40,"lastStatement":98,"seen":{"s:67:23:73:Infinity":0,"s:75:64:79:Infinity":1,"s:81:55:85:Infinity":2,"f:89:24:89:Infinity":0,"s:90:23:90:Infinity":3,"s:93:43:93:Infinity":4,"s:94:26:94:Infinity":5,"s:95:29:95:Infinity":6,"s:98:8:98:Infinity":7,"s:99:8:99:Infinity":8,"s:100:8:100:Infinity":9,"s:102:37:102:Infinity":10,"s:103:33:103:Infinity":11,"s:104:39:104:Infinity":12,"s:105:51:105:Infinity":13,"s:106:47:106:Infinity":14,"s:107:43:107:Infinity":15,"s:109:33:116:Infinity":16,"s:118:31:124:Infinity":17,"s:127:8:147:Infinity":18,"f:127:34:127:Infinity":1,"s:128:4:146:Infinity":19,"b:128:11:146:10:146:10:146:12":0,"f:128:27:128:28":2,"s:130:28:134:Infinity":20,"b:130:28:130:Infinity:131:8:131:Infinity:132:8:132:Infinity:133:8:133:Infinity:134:8:134:Infinity":1,"s:137:28:137:Infinity":21,"b:138:6:143:Infinity:141:13:143:Infinity":2,"s:138:6:143:Infinity":22,"s:140:8:140:Infinity":23,"b:141:13:143:Infinity:undefined:undefined:undefined:undefined":3,"s:141:13:143:Infinity":24,"s:142:8:142:Infinity":25,"s:145:6:145:Infinity":26,"b:145:13:145:30:145:30:145:Infinity":4,"s:150:8:158:Infinity":27,"f:150:33:150:Infinity":3,"s:151:4:157:Infinity":28,"b:152:11:152:30:152:30:152:Infinity":5,"b:153:21:153:67:153:67:153:Infinity":6,"f:153:37:153:42":4,"s:153:42:153:55":29,"b:154:15:154:72:154:72:154:Infinity":7,"f:154:31:154:36":5,"s:154:36:154:62":30,"b:155:13:155:68:155:68:155:Infinity":8,"f:155:29:155:34":6,"s:155:34:155:58":31,"b:156:16:156:74:156:74:156:Infinity":9,"f:156:32:156:37":7,"s:156:37:156:64":32,"s:160:29:188:Infinity":33,"f:160:29:160:Infinity":8,"b:161:4:164:Infinity:undefined:undefined:undefined:undefined":10,"s:161:4:164:Infinity":34,"s:162:6:162:Infinity":35,"s:163:6:163:Infinity":36,"s:166:4:187:Infinity":37,"s:167:6:174:Infinity":38,"b:169:21:169:42:169:46:169:Infinity":11,"b:171:20:171:40:171:44:171:Infinity":12,"b:173:21:173:42:173:46:173:Infinity":13,"s:176:6:183:Infinity":39,"s:184:6:184:Infinity":40,"s:190:29:209:Infinity":41,"f:190:29:190:Infinity":9,"b:191:4:191:Infinity:undefined:undefined:undefined:undefined":14,"s:191:4:191:Infinity":42,"s:191:25:191:Infinity":43,"s:193:4:208:Infinity":44,"s:194:6:201:Infinity":45,"b:197:20:197:39:197:43:197:Infinity":15,"b:200:21:200:41:200:45:200:Infinity":16,"s:203:6:203:Infinity":46,"s:204:6:204:Infinity":47,"s:205:6:205:Infinity":48,"s:211:28:221:Infinity":49,"f:211:28:211:35":10,"s:212:4:220:Infinity":50,"s:213:6:216:Infinity":51,"s:217:6:217:Infinity":52,"s:223:29:229:Infinity":53,"f:223:29:223:36":11,"s:224:4:228:Infinity":54,"s:225:6:225:Infinity":55,"s:231:25:242:Infinity":56,"f:231:25:231:26":12,"s:232:4:232:Infinity":57,"s:233:4:233:Infinity":58,"s:234:4:240:Infinity":59,"b:236:18:236:35:236:39:236:Infinity":17,"b:239:19:239:37:239:41:239:Infinity":18,"s:241:4:241:Infinity":60,"s:244:21:250:Infinity":61,"f:244:21:244:22":13,"s:245:4:249:Infinity":62,"s:246:6:246:Infinity":63,"s:248:6:248:Infinity":64,"b:252:2:258:Infinity:undefined:undefined:undefined:undefined":19,"s:252:2:258:Infinity":65,"b:260:2:269:Infinity:undefined:undefined:undefined:undefined":20,"s:260:2:269:Infinity":66,"f:264:43:264:49":14,"s:264:49:264:75":67,"f:297:28:297:29":15,"s:297:35:297:Infinity":68,"f:307:28:307:29":16,"s:307:35:307:Infinity":69,"f:316:35:316:36":17,"s:316:62:316:Infinity":70,"f:332:35:332:36":18,"s:332:46:332:Infinity":71,"f:352:35:352:36":19,"s:352:62:352:Infinity":72,"f:368:35:368:36":20,"s:368:46:368:Infinity":73,"f:374:43:374:48":21,"s:374:48:374:71":74,"f:385:49:385:55":22,"s:385:55:385:79":75,"b:389:39:395:Infinity:395:18:395:Infinity":21,"f:405:44:405:45":23,"s:406:23:406:34":76,"s:407:24:407:74":77,"s:408:27:408:Infinity":78,"b:412:88:412:130:412:130:412:171":22,"f:413:23:413:29":24,"s:413:29:413:Infinity":79,"b:417:114:417:126:417:129:417:145":23,"b:418:59:418:87:418:87:418:Infinity":24,"f:463:26:463:27":25,"s:463:33:463:Infinity":80,"b:476:20:476:Infinity:477:20:477:Infinity":25,"f:495:37:495:38":26,"s:496:39:496:69":81,"f:501:31:501:37":27,"s:501:37:501:Infinity":82,"b:534:42:534:110:534:114:534:Infinity":26,"f:543:64:543:65":28,"s:543:71:543:Infinity":83,"f:549:55:549:56":29,"s:550:30:550:Infinity":84,"s:551:30:551:Infinity":85,"f:556:55:556:56":30,"s:556:62:556:Infinity":86,"f:569:45:569:46":31,"s:570:38:570:Infinity":87,"s:571:38:571:Infinity":88,"f:583:39:583:40":32,"s:584:32:584:Infinity":89,"s:585:32:585:Infinity":90,"f:621:33:621:34":33,"s:621:60:621:Infinity":91,"f:637:33:637:34":34,"s:637:44:637:Infinity":92,"f:657:33:657:34":35,"s:657:60:657:Infinity":93,"f:673:33:673:34":36,"s:673:58:673:Infinity":94,"f:691:31:691:32":37,"s:691:42:691:Infinity":95,"f:697:39:697:44":38,"s:697:44:697:67":96,"f:707:47:707:53":39,"s:707:53:707:81":97}}}
}
